Loading db file '/home/almalinux/Verilog/main/pdk/NanGate_15nm/front_end/timing_power_noise/CCS/NanGate_15nm_OCL_slow_conditional_ccs.db'
Information: Updating design information... (UID-85)
Information: Propagating switching activity (low effort zero delay simulation). (PWR-6)
Warning: Design has unannotated primary inputs. (PWR-414)
Warning: Design has unannotated sequential cell outputs. (PWR-415)
 
****************************************
Report : power
        -analysis_effort low
Design : accelerator_logic_top
Version: R-2020.09-SP4
Date   : Mon Jun 29 08:22:25 2026
****************************************


Library(s) Used:

    NanGate_15nm_OCL (File: /home/almalinux/Verilog/main/pdk/NanGate_15nm/front_end/timing_power_noise/CCS/NanGate_15nm_OCL_slow_conditional_ccs.db)


Operating Conditions: slow   Library: NanGate_15nm_OCL
Wire Load Model Mode: top


Global Operating Voltage = 0.72 
Power-specific unit information :
    Voltage Units = 1V
    Capacitance Units = 1.000000ff
    Time Units = 1ps
    Dynamic Power Units = 1mW    (derived from V,C,T units)
    Leakage Power Units = 1pW


  Cell Internal Power  =   1.8908 mW   (66%)
  Net Switching Power  = 966.7429 uW   (34%)
                         ---------
Total Dynamic Power    =   2.8575 mW  (100%)

Cell Leakage Power     =   6.3029 mW


                 Internal         Switching           Leakage            Total
Power Group      Power            Power               Power              Power   (   %    )  Attrs
--------------------------------------------------------------------------------------------------
io_pad             0.0000            0.0000            0.0000            0.0000  (   0.00%)
memory             0.0000            0.0000            0.0000            0.0000  (   0.00%)
black_box          0.0000            0.0000            0.0000            0.0000  (   0.00%)
clock_network  9.1145e-02            0.2475        4.5571e+07            0.3842  (   4.19%)
register           1.0325        2.1377e-02        1.1790e+09            2.2329  (  24.38%)
sequential         0.0000            0.0000            0.0000            0.0000  (   0.00%)
combinational      0.7671            0.6979        5.0784e+09            6.5433  (  71.43%)
--------------------------------------------------------------------------------------------------
Total              1.8908 mW         0.9667 mW     6.3029e+09 pW         9.1604 mW
1
