
                           Design Compiler Graphical 
                                 DC Ultra (TM)
                                  DFTMAX (TM)
                              Power Compiler (TM)
                                 DesignWare (R)
                                 DC Expert (TM)
                               Design Vision (TM)
                               HDL Compiler (TM)
                               VHDL Compiler (TM)
                                  DFT Compiler
                               Design Compiler(R)

               Version R-2020.09-SP4 for linux64 - Mar 02, 2021 

                    Copyright (c) 1988 - 2021 Synopsys, Inc.
   This software and the associated documentation are proprietary to Synopsys,
 Inc. This software may only be used in accordance with the terms and conditions
 of a written license agreement with Synopsys, Inc. All other use, reproduction,
            or distribution of this software is strictly prohibited.
Initializing...
# Logic-only synthesis target for PPA.
# Excludes SRAM macro instances, top controller, input memory, result memory, and data memory.
set MAIN_MODULE "accelerator_logic_top"
accelerator_logic_top
set CLK_cycle 10000
10000
set PDK_DB_CANDIDATES [list     "../pdk/NanGate_15nm/front_end/timing_power_noise/CCS/NanGate_15nm_OCL_slow_conditional_ccs.db"     "../pdk/NanGate_15nm_OCL_slow_conditional_ccs.db" ]
../pdk/NanGate_15nm/front_end/timing_power_noise/CCS/NanGate_15nm_OCL_slow_conditional_ccs.db ../pdk/NanGate_15nm_OCL_slow_conditional_ccs.db
set PDK_DB ""
foreach candidate $PDK_DB_CANDIDATES {
    if {[file exists $candidate]} {
        set PDK_DB $candidate
        break
    }
}
if {$PDK_DB eq ""} {
    puts "ERROR: Cannot find NanGate db. Checked: $PDK_DB_CANDIDATES"
    exit 2
}
set link_library $PDK_DB
../pdk/NanGate_15nm/front_end/timing_power_noise/CCS/NanGate_15nm_OCL_slow_conditional_ccs.db
set target_library $PDK_DB
../pdk/NanGate_15nm/front_end/timing_power_noise/CCS/NanGate_15nm_OCL_slow_conditional_ccs.db
read_file -format sverilog [list     "../rtl/accelerator_sram_ext.v"     "../rtl/accelerator_logic_top.v" ]
Loading db file '/home/almalinux/Verilog/main/pdk/NanGate_15nm/front_end/timing_power_noise/CCS/NanGate_15nm_OCL_slow_conditional_ccs.db'
Information: Using CCS timing libraries. (TIM-024)
Loading db file '/opt/eda/Synopsys/syn/R-2020.09-SP4/libraries/syn/gtech.db'
Loading db file '/opt/eda/Synopsys/syn/R-2020.09-SP4/libraries/syn/standard.sldb'
  Loading link library 'NanGate_15nm_OCL'
  Loading link library 'gtech'
Loading sverilog files: '/home/almalinux/Verilog/main/rtl/accelerator_sram_ext.v' '/home/almalinux/Verilog/main/rtl/accelerator_logic_top.v' 
Detecting input file type automatically (-rtl or -netlist).
Reading with Presto HDL Compiler (equivalent to -rtl option).
Running PRESTO HDLC
Compiling source file /home/almalinux/Verilog/main/rtl/accelerator_sram_ext.v
Compiling source file /home/almalinux/Verilog/main/rtl/accelerator_logic_top.v
Warning:  /home/almalinux/Verilog/main/rtl/accelerator_sram_ext.v:22: unsigned to signed assignment occurs. (VER-318)
Warning:  /home/almalinux/Verilog/main/rtl/accelerator_sram_ext.v:24: unsigned to signed assignment occurs. (VER-318)

Inferred memory devices in process
	in routine pe_mac line 20 in file
		'/home/almalinux/Verilog/main/rtl/accelerator_sram_ext.v'.
===============================================================================
|    Register Name    |   Type    | Width | Bus | MB | AR | AS | SR | SS | ST |
===============================================================================
|     acc_out_reg     | Flip-flop |  25   |  Y  | N  | Y  | N  | N  | N  | N  |
===============================================================================
Warning:  /home/almalinux/Verilog/main/rtl/accelerator_sram_ext.v:54: signed to unsigned part selection occurs. (VER-318)
Warning:  /home/almalinux/Verilog/main/rtl/accelerator_sram_ext.v:58: signed to unsigned part selection occurs. (VER-318)
Warning:  /home/almalinux/Verilog/main/rtl/accelerator_logic_top.v:29: signed to unsigned part selection occurs. (VER-318)
Warning:  /home/almalinux/Verilog/main/rtl/accelerator_logic_top.v:34: signed to unsigned part selection occurs. (VER-318)
Warning:  /home/almalinux/Verilog/main/rtl/accelerator_logic_top.v:36: signed to unsigned part selection occurs. (VER-318)
Presto compilation completed successfully.
Current design is now '/home/almalinux/Verilog/main/rtl/pe_mac.db:pe_mac'
Loaded 3 designs.
Current design is 'pe_mac'.
pe_mac accelerator_sram_ext accelerator_logic_top
current_design $MAIN_MODULE
Current design is 'accelerator_logic_top'.
{accelerator_logic_top}
link > "log/link.rpt"
check_design > "log/check_design.rpt"
uniquify
Information: Uniquified 32 instances of design 'pe_mac'. (OPT-1056)
1
catch {set_wire_load_model -name ZeroWireload}
Error: Wire load 'ZeroWireload' not found. (UID-40)
0
set_max_area 0
1
set_fix_multiple_port_nets -outputs -feedthroughs -buffer_constants
1
set_load 0.1 [all_outputs]
1
set_max_transition 500 [current_design_name]
1
set_max_fanout 16.0 [current_design_name]
1
create_clock -name "sysclk" -period $CLK_cycle [get_ports clk]
1
set_clock_uncertainty 100 "sysclk"
1
set_ideal_network [get_ports clk]
1
catch {set_clock_gating_style -positive_edge_logic integrated -negative_edge_logic integrated -control_point before}
Error: The library cell required for use as an integrated clock-gating cell does not exist in the libraries specified.  The required attribute is latch_negedge_precontrol.  (PWR-191)
Warning: The clock-gating style was not changed. (PWR-132)
Information: Performing clock-gating with positive edge logic: 'integrated' and negative edge logic: 'or'. (PWR-1047)

Current clock gating style....
Sequential cell: latch
Minimum bank bitwidth: 3
Minimum bank bitwidth for enhanced clock gating: 6
Maximum fanout: unlimited
Setup time for clock gate: -
Hold time for clock gate: -
Clock gating circuitry (positive edge): integrated
Clock gating circuitry (negative edge): or
 Note: inverter between clock gating circuitry 
       and (negative edge) register clock pin.
Control point insertion: before
Control signal for control point: scan_enable
Observation point insertion: false
Observation logic depth: 5
0
compile_ultra -gate_clock -area_high_effort_script
Loading db file '/opt/eda/Synopsys/syn/R-2020.09-SP4/libraries/syn/dw_foundation.sldb'
Warning: DesignWare synthetic library dw_foundation.sldb is added to the synthetic_library in the current command. (UISN-40)
Warning: The -area_high_effort_script option is ignored. To enable further area optimization, use the optimize_netlist -area command. (OPT-1341)
Information: Performing power optimization. (PWR-850)
Alib files are up-to-date.
Information: Evaluating DesignWare library utilization. (UISN-27)

============================================================================
| DesignWare Building Block Library  |         Version         | Available |
============================================================================
| Basic DW Building Blocks           | R-2020.09-DWBB_202009.4 |     *     |
| Licensed DW Building Blocks        | R-2020.09-DWBB_202009.4 |     *     |
============================================================================

Information: Sequential output inversion is enabled.  SVF file must be used for formal verification. (OPT-1208)

Information: There are 32 potential problems in your design. Please run 'check_design' for more information. (LINT-99)

  Simplifying Design 'accelerator_logic_top'

Loaded alib file './alib-52/NanGate_15nm_OCL_slow_conditional_ccs.db.alib'
  Building model 'DW01_NAND2'
Information: Ungrouping hierarchy u_compute_core before Pass 1 (OPT-776)
Information: Ungrouping hierarchy u_compute_core/gen_rows[0].gen_cols[31].u_pe_mac before Pass 1 (OPT-776)
Information: Ungrouping hierarchy u_compute_core/gen_rows[0].gen_cols[0].u_pe_mac before Pass 1 (OPT-776)
Information: Ungrouping hierarchy u_compute_core/gen_rows[0].gen_cols[1].u_pe_mac before Pass 1 (OPT-776)
Information: Ungrouping hierarchy u_compute_core/gen_rows[0].gen_cols[2].u_pe_mac before Pass 1 (OPT-776)
Information: Ungrouping hierarchy u_compute_core/gen_rows[0].gen_cols[3].u_pe_mac before Pass 1 (OPT-776)
Information: Ungrouping hierarchy u_compute_core/gen_rows[0].gen_cols[4].u_pe_mac before Pass 1 (OPT-776)
Information: Ungrouping hierarchy u_compute_core/gen_rows[0].gen_cols[5].u_pe_mac before Pass 1 (OPT-776)
Information: Ungrouping hierarchy u_compute_core/gen_rows[0].gen_cols[6].u_pe_mac before Pass 1 (OPT-776)
Information: Ungrouping hierarchy u_compute_core/gen_rows[0].gen_cols[7].u_pe_mac before Pass 1 (OPT-776)
Information: Ungrouping hierarchy u_compute_core/gen_rows[0].gen_cols[8].u_pe_mac before Pass 1 (OPT-776)
Information: Ungrouping hierarchy u_compute_core/gen_rows[0].gen_cols[9].u_pe_mac before Pass 1 (OPT-776)
Information: Ungrouping hierarchy u_compute_core/gen_rows[0].gen_cols[10].u_pe_mac before Pass 1 (OPT-776)
Information: Ungrouping hierarchy u_compute_core/gen_rows[0].gen_cols[11].u_pe_mac before Pass 1 (OPT-776)
Information: Ungrouping hierarchy u_compute_core/gen_rows[0].gen_cols[12].u_pe_mac before Pass 1 (OPT-776)
Information: Ungrouping hierarchy u_compute_core/gen_rows[0].gen_cols[13].u_pe_mac before Pass 1 (OPT-776)
Information: Ungrouping hierarchy u_compute_core/gen_rows[0].gen_cols[14].u_pe_mac before Pass 1 (OPT-776)
Information: Ungrouping hierarchy u_compute_core/gen_rows[0].gen_cols[15].u_pe_mac before Pass 1 (OPT-776)
Information: Ungrouping hierarchy u_compute_core/gen_rows[0].gen_cols[16].u_pe_mac before Pass 1 (OPT-776)
Information: Ungrouping hierarchy u_compute_core/gen_rows[0].gen_cols[17].u_pe_mac before Pass 1 (OPT-776)
Information: Ungrouping hierarchy u_compute_core/gen_rows[0].gen_cols[18].u_pe_mac before Pass 1 (OPT-776)
Information: Ungrouping hierarchy u_compute_core/gen_rows[0].gen_cols[19].u_pe_mac before Pass 1 (OPT-776)
Information: Ungrouping hierarchy u_compute_core/gen_rows[0].gen_cols[20].u_pe_mac before Pass 1 (OPT-776)
Information: Ungrouping hierarchy u_compute_core/gen_rows[0].gen_cols[21].u_pe_mac before Pass 1 (OPT-776)
Information: Ungrouping hierarchy u_compute_core/gen_rows[0].gen_cols[22].u_pe_mac before Pass 1 (OPT-776)
Information: Ungrouping hierarchy u_compute_core/gen_rows[0].gen_cols[23].u_pe_mac before Pass 1 (OPT-776)
Information: Ungrouping hierarchy u_compute_core/gen_rows[0].gen_cols[24].u_pe_mac before Pass 1 (OPT-776)
Information: Ungrouping hierarchy u_compute_core/gen_rows[0].gen_cols[25].u_pe_mac before Pass 1 (OPT-776)
Information: Ungrouping hierarchy u_compute_core/gen_rows[0].gen_cols[26].u_pe_mac before Pass 1 (OPT-776)
Information: Ungrouping hierarchy u_compute_core/gen_rows[0].gen_cols[27].u_pe_mac before Pass 1 (OPT-776)
Information: Ungrouping hierarchy u_compute_core/gen_rows[0].gen_cols[28].u_pe_mac before Pass 1 (OPT-776)
Information: Ungrouping hierarchy u_compute_core/gen_rows[0].gen_cols[29].u_pe_mac before Pass 1 (OPT-776)
Information: Ungrouping hierarchy u_compute_core/gen_rows[0].gen_cols[30].u_pe_mac before Pass 1 (OPT-776)
Information: Ungrouping 33 of 66 hierarchies before Pass 1 (OPT-775)
Information: State dependent leakage is now switched from on to off.

  Beginning Pass 1 Mapping
  ------------------------
  Processing 'accelerator_logic_top'
 Implement Synthetic for 'accelerator_logic_top'.
  Processing 'SNPS_CLOCK_GATE_HIGH_pe_mac_0_0'
  Mapping integrated clock gating circuitry
Memory usage for J1 task 185 Mbytes -- main task 185 Mbytes.

  Updating timing information
Information: Updating design information... (UID-85)
Information: Skipping clock gating on design SNPS_CLOCK_GATE_HIGH_pe_mac_0_0, since there are no registers. (PWR-806)
Information: Skipping clock gating on design accelerator_logic_top_DP_OP_288J1_153_9372_J1_0, since there are no registers. (PWR-806)
Information: Skipping clock gating on design accelerator_logic_top_DP_OP_287J1_152_9372_J1_0, since there are no registers. (PWR-806)
Information: Skipping clock gating on design accelerator_logic_top_DP_OP_286J1_151_9372_J1_0, since there are no registers. (PWR-806)
Information: Skipping clock gating on design accelerator_logic_top_DP_OP_285J1_150_9372_J1_0, since there are no registers. (PWR-806)
Information: Skipping clock gating on design accelerator_logic_top_DP_OP_284J1_149_9372_J1_0, since there are no registers. (PWR-806)
Information: Skipping clock gating on design accelerator_logic_top_DP_OP_283J1_148_9372_J1_0, since there are no registers. (PWR-806)
Information: Skipping clock gating on design accelerator_logic_top_DP_OP_282J1_147_9372_J1_0, since there are no registers. (PWR-806)
Information: Skipping clock gating on design accelerator_logic_top_DP_OP_281J1_146_9372_J1_0, since there are no registers. (PWR-806)
Information: Skipping clock gating on design accelerator_logic_top_DP_OP_280J1_145_9372_J1_0, since there are no registers. (PWR-806)
Information: Skipping clock gating on design accelerator_logic_top_DP_OP_279J1_144_9372_J1_0, since there are no registers. (PWR-806)
Information: Skipping clock gating on design accelerator_logic_top_DP_OP_278J1_143_9372_J1_0, since there are no registers. (PWR-806)
Information: Skipping clock gating on design accelerator_logic_top_DP_OP_277J1_142_9372_J1_0, since there are no registers. (PWR-806)
Information: Skipping clock gating on design accelerator_logic_top_DP_OP_276J1_141_9372_J1_0, since there are no registers. (PWR-806)
Information: Skipping clock gating on design accelerator_logic_top_DP_OP_275J1_140_9372_J1_0, since there are no registers. (PWR-806)
Information: Skipping clock gating on design accelerator_logic_top_DP_OP_274J1_139_9372_J1_0, since there are no registers. (PWR-806)
Information: Skipping clock gating on design accelerator_logic_top_DP_OP_273J1_138_9372_J1_0, since there are no registers. (PWR-806)
Information: Skipping clock gating on design accelerator_logic_top_DP_OP_272J1_137_9372_J1_0, since there are no registers. (PWR-806)
Information: Skipping clock gating on design accelerator_logic_top_DP_OP_271J1_136_9372_J1_0, since there are no registers. (PWR-806)
Information: Skipping clock gating on design accelerator_logic_top_DP_OP_270J1_135_9372_J1_0, since there are no registers. (PWR-806)
Information: Skipping clock gating on design accelerator_logic_top_DP_OP_269J1_134_9372_J1_0, since there are no registers. (PWR-806)
Information: Skipping clock gating on design accelerator_logic_top_DP_OP_268J1_133_9372_J1_0, since there are no registers. (PWR-806)
Information: Skipping clock gating on design accelerator_logic_top_DP_OP_267J1_132_9372_J1_0, since there are no registers. (PWR-806)
Information: Skipping clock gating on design accelerator_logic_top_DP_OP_266J1_131_9372_J1_0, since there are no registers. (PWR-806)
Information: Skipping clock gating on design accelerator_logic_top_DP_OP_265J1_130_9372_J1_0, since there are no registers. (PWR-806)
Information: Skipping clock gating on design accelerator_logic_top_DP_OP_264J1_129_9372_J1_0, since there are no registers. (PWR-806)
Information: Skipping clock gating on design accelerator_logic_top_DP_OP_263J1_128_9372_J1_0, since there are no registers. (PWR-806)
Information: Skipping clock gating on design accelerator_logic_top_DP_OP_262J1_127_9372_J1_0, since there are no registers. (PWR-806)
Information: Skipping clock gating on design accelerator_logic_top_DP_OP_261J1_126_9372_J1_0, since there are no registers. (PWR-806)
Information: Skipping clock gating on design accelerator_logic_top_DP_OP_260J1_125_9372_J1_0, since there are no registers. (PWR-806)
Information: Skipping clock gating on design accelerator_logic_top_DP_OP_259J1_124_9372_J1_0, since there are no registers. (PWR-806)
Information: Skipping clock gating on design accelerator_logic_top_DP_OP_258J1_123_9372_J1_0, since there are no registers. (PWR-806)
Information: Skipping clock gating on design accelerator_logic_top_DP_OP_257J1_122_9372_J1_0, since there are no registers. (PWR-806)
Information: Skipping clock gating on design SNPS_CLOCK_GATE_HIGH_pe_mac_0_1, since there are no registers. (PWR-806)
Information: Skipping clock gating on design SNPS_CLOCK_GATE_HIGH_pe_mac_0_2, since there are no registers. (PWR-806)
Information: Skipping clock gating on design SNPS_CLOCK_GATE_HIGH_pe_mac_0_3, since there are no registers. (PWR-806)
Information: Skipping clock gating on design SNPS_CLOCK_GATE_HIGH_pe_mac_0_4, since there are no registers. (PWR-806)
Information: Skipping clock gating on design SNPS_CLOCK_GATE_HIGH_pe_mac_0_5, since there are no registers. (PWR-806)
Information: Skipping clock gating on design SNPS_CLOCK_GATE_HIGH_pe_mac_0_6, since there are no registers. (PWR-806)
Information: Skipping clock gating on design SNPS_CLOCK_GATE_HIGH_pe_mac_0_7, since there are no registers. (PWR-806)
Information: Skipping clock gating on design SNPS_CLOCK_GATE_HIGH_pe_mac_0_8, since there are no registers. (PWR-806)
Information: Skipping clock gating on design SNPS_CLOCK_GATE_HIGH_pe_mac_0_9, since there are no registers. (PWR-806)
Information: Skipping clock gating on design SNPS_CLOCK_GATE_HIGH_pe_mac_0_10, since there are no registers. (PWR-806)
Information: Skipping clock gating on design SNPS_CLOCK_GATE_HIGH_pe_mac_0_11, since there are no registers. (PWR-806)
Information: Skipping clock gating on design SNPS_CLOCK_GATE_HIGH_pe_mac_0_12, since there are no registers. (PWR-806)
Information: Skipping clock gating on design SNPS_CLOCK_GATE_HIGH_pe_mac_0_13, since there are no registers. (PWR-806)
Information: Skipping clock gating on design SNPS_CLOCK_GATE_HIGH_pe_mac_0_14, since there are no registers. (PWR-806)
Information: Skipping clock gating on design SNPS_CLOCK_GATE_HIGH_pe_mac_0_15, since there are no registers. (PWR-806)
Information: Skipping clock gating on design SNPS_CLOCK_GATE_HIGH_pe_mac_0_16, since there are no registers. (PWR-806)
Information: Skipping clock gating on design SNPS_CLOCK_GATE_HIGH_pe_mac_0_17, since there are no registers. (PWR-806)
Information: Skipping clock gating on design SNPS_CLOCK_GATE_HIGH_pe_mac_0_18, since there are no registers. (PWR-806)
Information: Skipping clock gating on design SNPS_CLOCK_GATE_HIGH_pe_mac_0_19, since there are no registers. (PWR-806)
Information: Skipping clock gating on design SNPS_CLOCK_GATE_HIGH_pe_mac_0_20, since there are no registers. (PWR-806)
Information: Skipping clock gating on design SNPS_CLOCK_GATE_HIGH_pe_mac_0_21, since there are no registers. (PWR-806)
Information: Skipping clock gating on design SNPS_CLOCK_GATE_HIGH_pe_mac_0_22, since there are no registers. (PWR-806)
Information: Skipping clock gating on design SNPS_CLOCK_GATE_HIGH_pe_mac_0_23, since there are no registers. (PWR-806)
Information: Skipping clock gating on design SNPS_CLOCK_GATE_HIGH_pe_mac_0_24, since there are no registers. (PWR-806)
Information: Skipping clock gating on design SNPS_CLOCK_GATE_HIGH_pe_mac_0_25, since there are no registers. (PWR-806)
Information: Skipping clock gating on design SNPS_CLOCK_GATE_HIGH_pe_mac_0_26, since there are no registers. (PWR-806)
Information: Skipping clock gating on design SNPS_CLOCK_GATE_HIGH_pe_mac_0_27, since there are no registers. (PWR-806)
Information: Skipping clock gating on design SNPS_CLOCK_GATE_HIGH_pe_mac_0_28, since there are no registers. (PWR-806)
Information: Skipping clock gating on design SNPS_CLOCK_GATE_HIGH_pe_mac_0_29, since there are no registers. (PWR-806)
Information: Skipping clock gating on design SNPS_CLOCK_GATE_HIGH_pe_mac_0_30, since there are no registers. (PWR-806)
Information: Skipping clock gating on design SNPS_CLOCK_GATE_HIGH_pe_mac_0_31, since there are no registers. (PWR-806)
Information: Performing clock-gating on design accelerator_logic_top. (PWR-730)

  Beginning Mapping Optimizations  (Ultra High effort)
  -------------------------------
Information: Added key list 'DesignWare' to design 'accelerator_logic_top'. (DDB-72)
Information: There is no timing violation in design accelerator_logic_top. Delay-based auto_ungroup will not be performed. (OPT-780)
  Mapping Optimization (Phase 1)

                                  TOTAL                                                
   ELAPSED            WORST NEG   SETUP    DESIGN                              LEAKAGE 
    TIME      AREA      SLACK     COST    RULE COST         ENDPOINT            POWER  
  --------- --------- --------- --------- --------- ------------------------- ---------
    0:00:21    5040.0      0.00       0.0       2.0                           9067269120.0000
    0:00:21    5040.0      0.00       0.0       2.0                           9067269120.0000

  Beginning Constant Register Removal
  -----------------------------------
    0:00:22    5040.0      0.00       0.0       2.0                           9067269120.0000
    0:00:22    5040.0      0.00       0.0       2.0                           9067269120.0000

  Beginning Global Optimizations
  ------------------------------
  Numerical Synthesis (Phase 1)
  Numerical Synthesis (Phase 2)
  Global Optimization (Phase 1)
  Global Optimization (Phase 2)
  Global Optimization (Phase 3)
  Global Optimization (Phase 4)
  Global Optimization (Phase 5)
  Global Optimization (Phase 6)
  Global Optimization (Phase 7)
  Global Optimization (Phase 8)
  Global Optimization (Phase 9)
  Global Optimization (Phase 10)
  Global Optimization (Phase 11)
  Global Optimization (Phase 12)
  Global Optimization (Phase 13)
  Global Optimization (Phase 14)
  Global Optimization (Phase 15)
  Global Optimization (Phase 16)
  Global Optimization (Phase 17)
  Global Optimization (Phase 18)
  Global Optimization (Phase 19)
  Global Optimization (Phase 20)
  Global Optimization (Phase 21)
  Global Optimization (Phase 22)
  Global Optimization (Phase 23)
  Global Optimization (Phase 24)
  Global Optimization (Phase 25)
  Global Optimization (Phase 26)
  Global Optimization (Phase 27)
  Global Optimization (Phase 28)
  Global Optimization (Phase 29)
  Global Optimization (Phase 30)

  Beginning Isolate Ports
  -----------------------

  Beginning Delay Optimization
  ----------------------------
    0:00:25    4303.8      0.00       0.0       2.0                           5359635456.0000
    0:00:25    4303.8      0.00       0.0       2.0                           5359635456.0000
    0:00:25    4303.8      0.00       0.0       2.0                           5359635456.0000
    0:00:25    4303.8      0.00       0.0       2.0                           5359635456.0000
    0:00:25    4303.8      0.00       0.0       2.0                           5359635456.0000
    0:00:26    4303.8      0.00       0.0       2.0                           5359635456.0000

  Beginning WLM Backend Optimization
  --------------------------------------
    0:00:28    4296.1      0.00       0.0       2.0                           5336155648.0000
    0:00:28    4296.1      0.00       0.0       2.0                           5336155648.0000
    0:00:28    4296.1      0.00       0.0       2.0                           5336155648.0000
    0:00:29    4295.9      0.00       0.0       2.0                           5278721536.0000
    0:00:29    4295.9      0.00       0.0       2.0                           5278721536.0000
    0:00:29    4295.9      0.00       0.0       2.0                           5278721536.0000
    0:00:29    4295.9      0.00       0.0       2.0                           5278721536.0000
    0:00:29    4295.9      0.00       0.0       2.0                           5278721536.0000
    0:00:29    4295.9      0.00       0.0       2.0                           5278721536.0000
    0:00:29    4295.9      0.00       0.0       2.0                           5278721536.0000
    0:00:29    4295.9      0.00       0.0       2.0                           5278721536.0000
    0:00:29    4295.9      0.00       0.0       2.0                           5278721536.0000
    0:00:29    4295.9      0.00       0.0       2.0                           5278721536.0000
    0:00:29    4295.9      0.00       0.0       2.0                           5278721536.0000
    0:00:29    4295.9      0.00       0.0       2.0                           5278721536.0000
    0:00:29    4295.9      0.00       0.0       2.0                           5278721536.0000
    0:00:29    4295.9      0.00       0.0       2.0                           5278721536.0000
    0:00:29    4295.9      0.00       0.0       2.0                           5278721536.0000
    0:00:29    4295.9      0.00       0.0       2.0                           5278721536.0000
    0:00:29    4295.9      0.00       0.0       2.0                           5278721536.0000
    0:00:29    4295.9      0.00       0.0       2.0                           5278721536.0000
    0:00:29    4295.9      0.00       0.0       2.0                           5278721536.0000


  Beginning Design Rule Fixing  (max_fanout)
  ----------------------------

                                  TOTAL                                                
   ELAPSED            WORST NEG   SETUP    DESIGN                              LEAKAGE 
    TIME      AREA      SLACK     COST    RULE COST         ENDPOINT            POWER  
  --------- --------- --------- --------- --------- ------------------------- ---------
    0:00:29    4295.9      0.00       0.0       2.0                           5278721536.0000
  Global Optimization (Phase 31)
  Global Optimization (Phase 32)
  Global Optimization (Phase 33)
    0:00:29    4296.1      0.00       0.0       0.0                           5278993920.0000
    0:00:29    4296.1      0.00       0.0       0.0                           5278993920.0000


  Beginning Leakage Power Optimization  (max_leakage_power 0)
  ------------------------------------

                                  TOTAL                                                
   ELAPSED            WORST NEG   SETUP    DESIGN                              LEAKAGE 
    TIME      AREA      SLACK     COST    RULE COST         ENDPOINT            POWER  
  --------- --------- --------- --------- --------- ------------------------- ---------
    0:00:29    4296.1      0.00       0.0       0.0                           5278993920.0000
  Global Optimization (Phase 34)
  Global Optimization (Phase 35)
  Global Optimization (Phase 36)
  Global Optimization (Phase 37)
  Global Optimization (Phase 38)
  Global Optimization (Phase 39)
  Global Optimization (Phase 40)
  Global Optimization (Phase 41)
  Global Optimization (Phase 42)
  Global Optimization (Phase 43)
    0:00:30    4296.1      0.00       0.0       0.0                           5278993920.0000
    0:00:30    4296.1      0.00       0.0       0.0                           5278993920.0000
    0:00:30    4296.1      0.00       0.0       0.0                           5278993920.0000
    0:00:30    4296.1      0.00       0.0       0.0                           5278993920.0000
    0:00:30    4296.1      0.00       0.0       0.0                           5278993920.0000
    0:00:30    4296.1      0.00       0.0       0.0                           5278993920.0000
    0:00:30    4296.1      0.00       0.0       0.0                           5278993920.0000
    0:00:30    4296.1      0.00       0.0       0.0                           5278993920.0000
    0:00:30    4296.1      0.00       0.0       0.0                           5278993920.0000
    0:00:30    4296.1      0.00       0.0       0.0                           5278993920.0000
    0:00:30    4296.1      0.00       0.0       0.0                           5278993920.0000
    0:00:30    4296.1      0.00       0.0       0.0                           5278993920.0000
    0:00:30    4296.1      0.00       0.0       0.0                           5278993920.0000
    0:00:30    4296.1      0.00       0.0       0.0                           5278993920.0000
    0:00:30    4296.1      0.00       0.0       0.0                           5278993920.0000
    0:00:30    4296.1      0.00       0.0       0.0                           5278993920.0000
    0:00:30    4296.1      0.00       0.0       0.0                           5278993920.0000
    0:00:30    4296.1      0.00       0.0       0.0                           5278993920.0000
    0:00:30    4296.1      0.00       0.0       0.0                           5278993920.0000
    0:00:30    4296.1      0.00       0.0       0.0                           5278993920.0000
    0:00:30    4296.1      0.00       0.0       0.0                           5278993920.0000
    0:00:30    4296.1      0.00       0.0       0.0                           5278993920.0000

                                  TOTAL                                                
   ELAPSED            WORST NEG   SETUP    DESIGN                              LEAKAGE 
    TIME      AREA      SLACK     COST    RULE COST         ENDPOINT            POWER  
  --------- --------- --------- --------- --------- ------------------------- ---------
    0:00:30    4296.1      0.00       0.0       0.0                           5278993920.0000
    0:00:31    4296.1      0.00       0.0       0.0                           5278993920.0000
    0:00:31    4296.1      0.00       0.0       0.0                           5278993920.0000
    0:00:31    4296.1      0.00       0.0       0.0                           5278993920.0000
    0:00:31    4296.1      0.00       0.0       0.0                           5278993920.0000
    0:00:32    4296.1      0.00       0.0       0.0                           5278993920.0000
    0:00:32    4296.1      0.00       0.0       0.0                           5278993920.0000
    0:00:32    4296.1      0.00       0.0       0.0                           5278993920.0000
    0:00:32    4296.1      0.00       0.0       0.0                           5278993920.0000
    0:00:32    4296.1      0.00       0.0       0.0                           5278993920.0000
    0:00:32    4296.1      0.00       0.0       0.0                           5278993920.0000
Loading db file '/home/almalinux/Verilog/main/pdk/NanGate_15nm/front_end/timing_power_noise/CCS/NanGate_15nm_OCL_slow_conditional_ccs.db'


Note: Symbol # after min delay cost means estimated hold TNS across all active scenarios 


  Optimization Complete
  ---------------------
Information: State dependent leakage is now switched from off to on.
Information: Propagating switching activity (low effort zero delay simulation). (PWR-6)
1
write_file -format ddc -hier -o "log/WorkSpace.ddc"
Writing ddc file 'log/WorkSpace.ddc'.
1
report_power > "log/power.rpt"
report_area > "log/area.rpt"
report_timing -max_paths 10 > "log/timing.rpt"
report_constraint -all_violators > "log/constraints.rpt"
write -hier -f verilog -output "${MAIN_MODULE}.vg"
Writing verilog file '/home/almalinux/Verilog/main/syn/accelerator_logic_top.vg'.
Warning: Verilog 'assign' or 'tran' statements are written out. (VO-4)
1
write_sdf -version 2.1 "${MAIN_MODULE}_syn.sdf"
Information: Annotated 'cell' delays are assumed to include load delay. (UID-282)
Information: Writing timing information to file '/home/almalinux/Verilog/main/syn/accelerator_logic_top_syn.sdf'. (WT-3)
1
exit

Memory usage for this session 193 Mbytes.
Memory usage for this session including child processes 193 Mbytes.
CPU usage for this session 30 seconds ( 0.01 hours ).
Elapsed time for this session 40 seconds ( 0.01 hours ).

Thank you...
