 
****************************************
Report : area
Design : accelerator_logic_top
Version: R-2020.09-SP4
Date   : Tue Jun 30 03:53:37 2026
****************************************

Library(s) Used:

    NanGate_15nm_OCL (File: /home/almalinux/Verilog/main/pdk/NanGate_15nm/front_end/timing_power_noise/CCS/NanGate_15nm_OCL_slow_conditional_ccs.db)

Number of ports:                         1072
Number of nets:                         10771
Number of cells:                         9290
Number of combinational cells:           8487
Number of sequential cells:               801
Number of macros/black boxes:               0
Number of buf/inv:                       2067
Number of references:                      18

Combinational area:               3272.884305
Buf/Inv area:                      325.042184
Noncombinational area:            1023.197149
Macro/Black Box area:                0.000000
Net Interconnect area:      undefined  (No wire load specified)

Total cell area:                  4296.081454
Total area:                 undefined
1
