Loading db file '/home/almalinux/Verilog/main/pdk/NanGate_15nm/front_end/timing_power_noise/CCS/NanGate_15nm_OCL_slow_conditional_ccs.db'
Information: Updating design information... (UID-85)
Information: Propagating switching activity (low effort zero delay simulation). (PWR-6)
Warning: Design has unannotated primary inputs. (PWR-414)
Warning: Design has unannotated sequential cell outputs. (PWR-415)
 
****************************************
Report : power
        -analysis_effort low
Design : accelerator_logic_top
Version: R-2020.09-SP4
Date   : Tue Jun 30 03:42:13 2026
****************************************


Library(s) Used:

    NanGate_15nm_OCL (File: /home/almalinux/Verilog/main/pdk/NanGate_15nm/front_end/timing_power_noise/CCS/NanGate_15nm_OCL_slow_conditional_ccs.db)


Operating Conditions: slow   Library: NanGate_15nm_OCL
Wire Load Model Mode: top


Global Operating Voltage = 0.72 
Power-specific unit information :
    Voltage Units = 1V
    Capacitance Units = 1.000000ff
    Time Units = 1ps
    Dynamic Power Units = 1mW    (derived from V,C,T units)
    Leakage Power Units = 1pW


  Cell Internal Power  = 189.0772 uW   (66%)
  Net Switching Power  =  96.6743 uW   (34%)
                         ---------
Total Dynamic Power    = 285.7515 uW  (100%)

Cell Leakage Power     =   6.3029 mW


                 Internal         Switching           Leakage            Total
Power Group      Power            Power               Power              Power   (   %    )  Attrs
--------------------------------------------------------------------------------------------------
io_pad             0.0000            0.0000            0.0000            0.0000  (   0.00%)
memory             0.0000            0.0000            0.0000            0.0000  (   0.00%)
black_box          0.0000            0.0000            0.0000            0.0000  (   0.00%)
clock_network  9.1145e-03        2.4750e-02        4.5571e+07        7.9435e-02  (   1.21%)
register           0.1033        2.1377e-03        1.1790e+09            1.2844  (  19.49%)
sequential         0.0000            0.0000            0.0000            0.0000  (   0.00%)
combinational  7.6709e-02        6.9787e-02        5.0784e+09            5.2249  (  79.30%)
--------------------------------------------------------------------------------------------------
Total              0.1891 mW     9.6674e-02 mW     6.3029e+09 pW         6.5887 mW
1
