 
****************************************
Report : timing
        -path full
        -delay max
        -max_paths 10
Design : accelerator_logic_top
Version: R-2020.09-SP4
Date   : Tue Jun 30 03:42:13 2026
****************************************

Operating Conditions: slow   Library: NanGate_15nm_OCL
Wire Load Model Mode: top

  Startpoint: u_compute_core/gen_rows[0].gen_cols[0].u_pe_mac/acc_out_reg[0]
              (rising edge-triggered flip-flop clocked by sysclk)
  Endpoint: u_compute_core/gen_rows[0].gen_cols[0].u_pe_mac/acc_out_reg[24]
            (rising edge-triggered flip-flop clocked by sysclk)
  Path Group: sysclk
  Path Type: max

  Point                                                   Incr       Path
  --------------------------------------------------------------------------
  clock sysclk (rise edge)                                0.00       0.00
  clock network delay (ideal)                             0.00       0.00
  u_compute_core/gen_rows[0].gen_cols[0].u_pe_mac/acc_out_reg[0]/CLK (DFFRNQ_X1)
                                                          0.00       0.00 r
  u_compute_core/gen_rows[0].gen_cols[0].u_pe_mac/acc_out_reg[0]/Q (DFFRNQ_X1)
                                                         12.64      12.64 r
  u_compute_core/gen_rows[0].gen_cols[0].u_pe_mac/add_26/A[0] (pe_mac_31_DW01_add_0_DW01_add_62)
                                                          0.00      12.64 r
  u_compute_core/gen_rows[0].gen_cols[0].u_pe_mac/add_26/U1/Z (AND2_X1)
                                                          5.19      17.83 r
  u_compute_core/gen_rows[0].gen_cols[0].u_pe_mac/add_26/U1_1/CO (FA_X1)
                                                          8.44      26.27 r
  u_compute_core/gen_rows[0].gen_cols[0].u_pe_mac/add_26/U1_2/CO (FA_X1)
                                                          8.72      34.99 r
  u_compute_core/gen_rows[0].gen_cols[0].u_pe_mac/add_26/U1_3/CO (FA_X1)
                                                          8.72      43.70 r
  u_compute_core/gen_rows[0].gen_cols[0].u_pe_mac/add_26/U1_4/CO (FA_X1)
                                                          8.72      52.42 r
  u_compute_core/gen_rows[0].gen_cols[0].u_pe_mac/add_26/U1_5/CO (FA_X1)
                                                          8.72      61.14 r
  u_compute_core/gen_rows[0].gen_cols[0].u_pe_mac/add_26/U1_6/CO (FA_X1)
                                                          8.72      69.86 r
  u_compute_core/gen_rows[0].gen_cols[0].u_pe_mac/add_26/U1_7/CO (FA_X1)
                                                          8.72      78.58 r
  u_compute_core/gen_rows[0].gen_cols[0].u_pe_mac/add_26/U1_8/CO (FA_X1)
                                                          8.72      87.29 r
  u_compute_core/gen_rows[0].gen_cols[0].u_pe_mac/add_26/U1_9/CO (FA_X1)
                                                          8.72      96.01 r
  u_compute_core/gen_rows[0].gen_cols[0].u_pe_mac/add_26/U1_10/CO (FA_X1)
                                                          8.72     104.73 r
  u_compute_core/gen_rows[0].gen_cols[0].u_pe_mac/add_26/U1_11/CO (FA_X1)
                                                          8.72     113.45 r
  u_compute_core/gen_rows[0].gen_cols[0].u_pe_mac/add_26/U1_12/CO (FA_X1)
                                                          8.72     122.16 r
  u_compute_core/gen_rows[0].gen_cols[0].u_pe_mac/add_26/U1_13/CO (FA_X1)
                                                          8.72     130.88 r
  u_compute_core/gen_rows[0].gen_cols[0].u_pe_mac/add_26/U1_14/CO (FA_X1)
                                                          8.72     139.60 r
  u_compute_core/gen_rows[0].gen_cols[0].u_pe_mac/add_26/U1_15/CO (FA_X1)
                                                          8.72     148.32 r
  u_compute_core/gen_rows[0].gen_cols[0].u_pe_mac/add_26/U1_16/CO (FA_X1)
                                                          8.72     157.04 r
  u_compute_core/gen_rows[0].gen_cols[0].u_pe_mac/add_26/U1_17/CO (FA_X1)
                                                          8.72     165.76 r
  u_compute_core/gen_rows[0].gen_cols[0].u_pe_mac/add_26/U1_18/CO (FA_X1)
                                                          8.72     174.48 r
  u_compute_core/gen_rows[0].gen_cols[0].u_pe_mac/add_26/U1_19/CO (FA_X1)
                                                          8.72     183.20 r
  u_compute_core/gen_rows[0].gen_cols[0].u_pe_mac/add_26/U1_20/CO (FA_X1)
                                                          8.72     191.92 r
  u_compute_core/gen_rows[0].gen_cols[0].u_pe_mac/add_26/U1_21/CO (FA_X1)
                                                          8.72     200.65 r
  u_compute_core/gen_rows[0].gen_cols[0].u_pe_mac/add_26/U1_22/CO (FA_X1)
                                                          8.72     209.37 r
  u_compute_core/gen_rows[0].gen_cols[0].u_pe_mac/add_26/U1_23/CO (FA_X1)
                                                          8.72     218.09 r
  u_compute_core/gen_rows[0].gen_cols[0].u_pe_mac/add_26/U1_24/S (FA_X1)
                                                         13.60     231.69 f
  u_compute_core/gen_rows[0].gen_cols[0].u_pe_mac/add_26/SUM[24] (pe_mac_31_DW01_add_0_DW01_add_62)
                                                          0.00     231.69 f
  u_compute_core/gen_rows[0].gen_cols[0].u_pe_mac/U23/Z (AND2_X1)
                                                          3.32     235.00 f
  u_compute_core/gen_rows[0].gen_cols[0].u_pe_mac/acc_out_reg[24]/D (DFFRNQ_X1)
                                                          0.00     235.00 f
  data arrival time                                                235.00

  clock sysclk (rise edge)                            10000.00   10000.00
  clock network delay (ideal)                             0.00   10000.00
  clock uncertainty                                    -100.00    9900.00
  u_compute_core/gen_rows[0].gen_cols[0].u_pe_mac/acc_out_reg[24]/CLK (DFFRNQ_X1)
                                                          0.00    9900.00 r
  library setup time                                     -6.92    9893.08
  data required time                                              9893.08
  --------------------------------------------------------------------------
  data required time                                              9893.08
  data arrival time                                               -235.00
  --------------------------------------------------------------------------
  slack (MET)                                                     9658.08


  Startpoint: u_compute_core/gen_rows[0].gen_cols[1].u_pe_mac/acc_out_reg[0]
              (rising edge-triggered flip-flop clocked by sysclk)
  Endpoint: u_compute_core/gen_rows[0].gen_cols[1].u_pe_mac/acc_out_reg[24]
            (rising edge-triggered flip-flop clocked by sysclk)
  Path Group: sysclk
  Path Type: max

  Point                                                   Incr       Path
  --------------------------------------------------------------------------
  clock sysclk (rise edge)                                0.00       0.00
  clock network delay (ideal)                             0.00       0.00
  u_compute_core/gen_rows[0].gen_cols[1].u_pe_mac/acc_out_reg[0]/CLK (DFFRNQ_X1)
                                                          0.00       0.00 r
  u_compute_core/gen_rows[0].gen_cols[1].u_pe_mac/acc_out_reg[0]/Q (DFFRNQ_X1)
                                                         12.64      12.64 r
  u_compute_core/gen_rows[0].gen_cols[1].u_pe_mac/add_26/A[0] (pe_mac_30_DW01_add_0)
                                                          0.00      12.64 r
  u_compute_core/gen_rows[0].gen_cols[1].u_pe_mac/add_26/U1/Z (AND2_X1)
                                                          5.19      17.83 r
  u_compute_core/gen_rows[0].gen_cols[1].u_pe_mac/add_26/U1_1/CO (FA_X1)
                                                          8.44      26.27 r
  u_compute_core/gen_rows[0].gen_cols[1].u_pe_mac/add_26/U1_2/CO (FA_X1)
                                                          8.72      34.99 r
  u_compute_core/gen_rows[0].gen_cols[1].u_pe_mac/add_26/U1_3/CO (FA_X1)
                                                          8.72      43.70 r
  u_compute_core/gen_rows[0].gen_cols[1].u_pe_mac/add_26/U1_4/CO (FA_X1)
                                                          8.72      52.42 r
  u_compute_core/gen_rows[0].gen_cols[1].u_pe_mac/add_26/U1_5/CO (FA_X1)
                                                          8.72      61.14 r
  u_compute_core/gen_rows[0].gen_cols[1].u_pe_mac/add_26/U1_6/CO (FA_X1)
                                                          8.72      69.86 r
  u_compute_core/gen_rows[0].gen_cols[1].u_pe_mac/add_26/U1_7/CO (FA_X1)
                                                          8.72      78.58 r
  u_compute_core/gen_rows[0].gen_cols[1].u_pe_mac/add_26/U1_8/CO (FA_X1)
                                                          8.72      87.29 r
  u_compute_core/gen_rows[0].gen_cols[1].u_pe_mac/add_26/U1_9/CO (FA_X1)
                                                          8.72      96.01 r
  u_compute_core/gen_rows[0].gen_cols[1].u_pe_mac/add_26/U1_10/CO (FA_X1)
                                                          8.72     104.73 r
  u_compute_core/gen_rows[0].gen_cols[1].u_pe_mac/add_26/U1_11/CO (FA_X1)
                                                          8.72     113.45 r
  u_compute_core/gen_rows[0].gen_cols[1].u_pe_mac/add_26/U1_12/CO (FA_X1)
                                                          8.72     122.16 r
  u_compute_core/gen_rows[0].gen_cols[1].u_pe_mac/add_26/U1_13/CO (FA_X1)
                                                          8.72     130.88 r
  u_compute_core/gen_rows[0].gen_cols[1].u_pe_mac/add_26/U1_14/CO (FA_X1)
                                                          8.72     139.60 r
  u_compute_core/gen_rows[0].gen_cols[1].u_pe_mac/add_26/U1_15/CO (FA_X1)
                                                          8.72     148.32 r
  u_compute_core/gen_rows[0].gen_cols[1].u_pe_mac/add_26/U1_16/CO (FA_X1)
                                                          8.72     157.04 r
  u_compute_core/gen_rows[0].gen_cols[1].u_pe_mac/add_26/U1_17/CO (FA_X1)
                                                          8.72     165.76 r
  u_compute_core/gen_rows[0].gen_cols[1].u_pe_mac/add_26/U1_18/CO (FA_X1)
                                                          8.72     174.48 r
  u_compute_core/gen_rows[0].gen_cols[1].u_pe_mac/add_26/U1_19/CO (FA_X1)
                                                          8.72     183.20 r
  u_compute_core/gen_rows[0].gen_cols[1].u_pe_mac/add_26/U1_20/CO (FA_X1)
                                                          8.72     191.92 r
  u_compute_core/gen_rows[0].gen_cols[1].u_pe_mac/add_26/U1_21/CO (FA_X1)
                                                          8.72     200.65 r
  u_compute_core/gen_rows[0].gen_cols[1].u_pe_mac/add_26/U1_22/CO (FA_X1)
                                                          8.72     209.37 r
  u_compute_core/gen_rows[0].gen_cols[1].u_pe_mac/add_26/U1_23/CO (FA_X1)
                                                          8.72     218.09 r
  u_compute_core/gen_rows[0].gen_cols[1].u_pe_mac/add_26/U1_24/S (FA_X1)
                                                         13.60     231.69 f
  u_compute_core/gen_rows[0].gen_cols[1].u_pe_mac/add_26/SUM[24] (pe_mac_30_DW01_add_0)
                                                          0.00     231.69 f
  u_compute_core/gen_rows[0].gen_cols[1].u_pe_mac/U23/Z (AND2_X1)
                                                          3.32     235.00 f
  u_compute_core/gen_rows[0].gen_cols[1].u_pe_mac/acc_out_reg[24]/D (DFFRNQ_X1)
                                                          0.00     235.00 f
  data arrival time                                                235.00

  clock sysclk (rise edge)                            10000.00   10000.00
  clock network delay (ideal)                             0.00   10000.00
  clock uncertainty                                    -100.00    9900.00
  u_compute_core/gen_rows[0].gen_cols[1].u_pe_mac/acc_out_reg[24]/CLK (DFFRNQ_X1)
                                                          0.00    9900.00 r
  library setup time                                     -6.92    9893.08
  data required time                                              9893.08
  --------------------------------------------------------------------------
  data required time                                              9893.08
  data arrival time                                               -235.00
  --------------------------------------------------------------------------
  slack (MET)                                                     9658.08


  Startpoint: u_compute_core/gen_rows[0].gen_cols[2].u_pe_mac/acc_out_reg[0]
              (rising edge-triggered flip-flop clocked by sysclk)
  Endpoint: u_compute_core/gen_rows[0].gen_cols[2].u_pe_mac/acc_out_reg[24]
            (rising edge-triggered flip-flop clocked by sysclk)
  Path Group: sysclk
  Path Type: max

  Point                                                   Incr       Path
  --------------------------------------------------------------------------
  clock sysclk (rise edge)                                0.00       0.00
  clock network delay (ideal)                             0.00       0.00
  u_compute_core/gen_rows[0].gen_cols[2].u_pe_mac/acc_out_reg[0]/CLK (DFFRNQ_X1)
                                                          0.00       0.00 r
  u_compute_core/gen_rows[0].gen_cols[2].u_pe_mac/acc_out_reg[0]/Q (DFFRNQ_X1)
                                                         12.64      12.64 r
  u_compute_core/gen_rows[0].gen_cols[2].u_pe_mac/add_26/A[0] (pe_mac_29_DW01_add_0_DW01_add_2)
                                                          0.00      12.64 r
  u_compute_core/gen_rows[0].gen_cols[2].u_pe_mac/add_26/U1/Z (AND2_X1)
                                                          5.19      17.83 r
  u_compute_core/gen_rows[0].gen_cols[2].u_pe_mac/add_26/U1_1/CO (FA_X1)
                                                          8.44      26.27 r
  u_compute_core/gen_rows[0].gen_cols[2].u_pe_mac/add_26/U1_2/CO (FA_X1)
                                                          8.72      34.99 r
  u_compute_core/gen_rows[0].gen_cols[2].u_pe_mac/add_26/U1_3/CO (FA_X1)
                                                          8.72      43.70 r
  u_compute_core/gen_rows[0].gen_cols[2].u_pe_mac/add_26/U1_4/CO (FA_X1)
                                                          8.72      52.42 r
  u_compute_core/gen_rows[0].gen_cols[2].u_pe_mac/add_26/U1_5/CO (FA_X1)
                                                          8.72      61.14 r
  u_compute_core/gen_rows[0].gen_cols[2].u_pe_mac/add_26/U1_6/CO (FA_X1)
                                                          8.72      69.86 r
  u_compute_core/gen_rows[0].gen_cols[2].u_pe_mac/add_26/U1_7/CO (FA_X1)
                                                          8.72      78.58 r
  u_compute_core/gen_rows[0].gen_cols[2].u_pe_mac/add_26/U1_8/CO (FA_X1)
                                                          8.72      87.29 r
  u_compute_core/gen_rows[0].gen_cols[2].u_pe_mac/add_26/U1_9/CO (FA_X1)
                                                          8.72      96.01 r
  u_compute_core/gen_rows[0].gen_cols[2].u_pe_mac/add_26/U1_10/CO (FA_X1)
                                                          8.72     104.73 r
  u_compute_core/gen_rows[0].gen_cols[2].u_pe_mac/add_26/U1_11/CO (FA_X1)
                                                          8.72     113.45 r
  u_compute_core/gen_rows[0].gen_cols[2].u_pe_mac/add_26/U1_12/CO (FA_X1)
                                                          8.72     122.16 r
  u_compute_core/gen_rows[0].gen_cols[2].u_pe_mac/add_26/U1_13/CO (FA_X1)
                                                          8.72     130.88 r
  u_compute_core/gen_rows[0].gen_cols[2].u_pe_mac/add_26/U1_14/CO (FA_X1)
                                                          8.72     139.60 r
  u_compute_core/gen_rows[0].gen_cols[2].u_pe_mac/add_26/U1_15/CO (FA_X1)
                                                          8.72     148.32 r
  u_compute_core/gen_rows[0].gen_cols[2].u_pe_mac/add_26/U1_16/CO (FA_X1)
                                                          8.72     157.04 r
  u_compute_core/gen_rows[0].gen_cols[2].u_pe_mac/add_26/U1_17/CO (FA_X1)
                                                          8.72     165.76 r
  u_compute_core/gen_rows[0].gen_cols[2].u_pe_mac/add_26/U1_18/CO (FA_X1)
                                                          8.72     174.48 r
  u_compute_core/gen_rows[0].gen_cols[2].u_pe_mac/add_26/U1_19/CO (FA_X1)
                                                          8.72     183.20 r
  u_compute_core/gen_rows[0].gen_cols[2].u_pe_mac/add_26/U1_20/CO (FA_X1)
                                                          8.72     191.92 r
  u_compute_core/gen_rows[0].gen_cols[2].u_pe_mac/add_26/U1_21/CO (FA_X1)
                                                          8.72     200.65 r
  u_compute_core/gen_rows[0].gen_cols[2].u_pe_mac/add_26/U1_22/CO (FA_X1)
                                                          8.72     209.37 r
  u_compute_core/gen_rows[0].gen_cols[2].u_pe_mac/add_26/U1_23/CO (FA_X1)
                                                          8.72     218.09 r
  u_compute_core/gen_rows[0].gen_cols[2].u_pe_mac/add_26/U1_24/S (FA_X1)
                                                         13.60     231.69 f
  u_compute_core/gen_rows[0].gen_cols[2].u_pe_mac/add_26/SUM[24] (pe_mac_29_DW01_add_0_DW01_add_2)
                                                          0.00     231.69 f
  u_compute_core/gen_rows[0].gen_cols[2].u_pe_mac/U23/Z (AND2_X1)
                                                          3.32     235.00 f
  u_compute_core/gen_rows[0].gen_cols[2].u_pe_mac/acc_out_reg[24]/D (DFFRNQ_X1)
                                                          0.00     235.00 f
  data arrival time                                                235.00

  clock sysclk (rise edge)                            10000.00   10000.00
  clock network delay (ideal)                             0.00   10000.00
  clock uncertainty                                    -100.00    9900.00
  u_compute_core/gen_rows[0].gen_cols[2].u_pe_mac/acc_out_reg[24]/CLK (DFFRNQ_X1)
                                                          0.00    9900.00 r
  library setup time                                     -6.92    9893.08
  data required time                                              9893.08
  --------------------------------------------------------------------------
  data required time                                              9893.08
  data arrival time                                               -235.00
  --------------------------------------------------------------------------
  slack (MET)                                                     9658.08


  Startpoint: u_compute_core/gen_rows[0].gen_cols[3].u_pe_mac/acc_out_reg[0]
              (rising edge-triggered flip-flop clocked by sysclk)
  Endpoint: u_compute_core/gen_rows[0].gen_cols[3].u_pe_mac/acc_out_reg[24]
            (rising edge-triggered flip-flop clocked by sysclk)
  Path Group: sysclk
  Path Type: max

  Point                                                   Incr       Path
  --------------------------------------------------------------------------
  clock sysclk (rise edge)                                0.00       0.00
  clock network delay (ideal)                             0.00       0.00
  u_compute_core/gen_rows[0].gen_cols[3].u_pe_mac/acc_out_reg[0]/CLK (DFFRNQ_X1)
                                                          0.00       0.00 r
  u_compute_core/gen_rows[0].gen_cols[3].u_pe_mac/acc_out_reg[0]/Q (DFFRNQ_X1)
                                                         12.64      12.64 r
  u_compute_core/gen_rows[0].gen_cols[3].u_pe_mac/add_26/A[0] (pe_mac_28_DW01_add_0_DW01_add_4)
                                                          0.00      12.64 r
  u_compute_core/gen_rows[0].gen_cols[3].u_pe_mac/add_26/U1/Z (AND2_X1)
                                                          5.19      17.83 r
  u_compute_core/gen_rows[0].gen_cols[3].u_pe_mac/add_26/U1_1/CO (FA_X1)
                                                          8.44      26.27 r
  u_compute_core/gen_rows[0].gen_cols[3].u_pe_mac/add_26/U1_2/CO (FA_X1)
                                                          8.72      34.99 r
  u_compute_core/gen_rows[0].gen_cols[3].u_pe_mac/add_26/U1_3/CO (FA_X1)
                                                          8.72      43.70 r
  u_compute_core/gen_rows[0].gen_cols[3].u_pe_mac/add_26/U1_4/CO (FA_X1)
                                                          8.72      52.42 r
  u_compute_core/gen_rows[0].gen_cols[3].u_pe_mac/add_26/U1_5/CO (FA_X1)
                                                          8.72      61.14 r
  u_compute_core/gen_rows[0].gen_cols[3].u_pe_mac/add_26/U1_6/CO (FA_X1)
                                                          8.72      69.86 r
  u_compute_core/gen_rows[0].gen_cols[3].u_pe_mac/add_26/U1_7/CO (FA_X1)
                                                          8.72      78.58 r
  u_compute_core/gen_rows[0].gen_cols[3].u_pe_mac/add_26/U1_8/CO (FA_X1)
                                                          8.72      87.29 r
  u_compute_core/gen_rows[0].gen_cols[3].u_pe_mac/add_26/U1_9/CO (FA_X1)
                                                          8.72      96.01 r
  u_compute_core/gen_rows[0].gen_cols[3].u_pe_mac/add_26/U1_10/CO (FA_X1)
                                                          8.72     104.73 r
  u_compute_core/gen_rows[0].gen_cols[3].u_pe_mac/add_26/U1_11/CO (FA_X1)
                                                          8.72     113.45 r
  u_compute_core/gen_rows[0].gen_cols[3].u_pe_mac/add_26/U1_12/CO (FA_X1)
                                                          8.72     122.16 r
  u_compute_core/gen_rows[0].gen_cols[3].u_pe_mac/add_26/U1_13/CO (FA_X1)
                                                          8.72     130.88 r
  u_compute_core/gen_rows[0].gen_cols[3].u_pe_mac/add_26/U1_14/CO (FA_X1)
                                                          8.72     139.60 r
  u_compute_core/gen_rows[0].gen_cols[3].u_pe_mac/add_26/U1_15/CO (FA_X1)
                                                          8.72     148.32 r
  u_compute_core/gen_rows[0].gen_cols[3].u_pe_mac/add_26/U1_16/CO (FA_X1)
                                                          8.72     157.04 r
  u_compute_core/gen_rows[0].gen_cols[3].u_pe_mac/add_26/U1_17/CO (FA_X1)
                                                          8.72     165.76 r
  u_compute_core/gen_rows[0].gen_cols[3].u_pe_mac/add_26/U1_18/CO (FA_X1)
                                                          8.72     174.48 r
  u_compute_core/gen_rows[0].gen_cols[3].u_pe_mac/add_26/U1_19/CO (FA_X1)
                                                          8.72     183.20 r
  u_compute_core/gen_rows[0].gen_cols[3].u_pe_mac/add_26/U1_20/CO (FA_X1)
                                                          8.72     191.92 r
  u_compute_core/gen_rows[0].gen_cols[3].u_pe_mac/add_26/U1_21/CO (FA_X1)
                                                          8.72     200.65 r
  u_compute_core/gen_rows[0].gen_cols[3].u_pe_mac/add_26/U1_22/CO (FA_X1)
                                                          8.72     209.37 r
  u_compute_core/gen_rows[0].gen_cols[3].u_pe_mac/add_26/U1_23/CO (FA_X1)
                                                          8.72     218.09 r
  u_compute_core/gen_rows[0].gen_cols[3].u_pe_mac/add_26/U1_24/S (FA_X1)
                                                         13.60     231.69 f
  u_compute_core/gen_rows[0].gen_cols[3].u_pe_mac/add_26/SUM[24] (pe_mac_28_DW01_add_0_DW01_add_4)
                                                          0.00     231.69 f
  u_compute_core/gen_rows[0].gen_cols[3].u_pe_mac/U23/Z (AND2_X1)
                                                          3.32     235.00 f
  u_compute_core/gen_rows[0].gen_cols[3].u_pe_mac/acc_out_reg[24]/D (DFFRNQ_X1)
                                                          0.00     235.00 f
  data arrival time                                                235.00

  clock sysclk (rise edge)                            10000.00   10000.00
  clock network delay (ideal)                             0.00   10000.00
  clock uncertainty                                    -100.00    9900.00
  u_compute_core/gen_rows[0].gen_cols[3].u_pe_mac/acc_out_reg[24]/CLK (DFFRNQ_X1)
                                                          0.00    9900.00 r
  library setup time                                     -6.92    9893.08
  data required time                                              9893.08
  --------------------------------------------------------------------------
  data required time                                              9893.08
  data arrival time                                               -235.00
  --------------------------------------------------------------------------
  slack (MET)                                                     9658.08


  Startpoint: u_compute_core/gen_rows[0].gen_cols[4].u_pe_mac/acc_out_reg[0]
              (rising edge-triggered flip-flop clocked by sysclk)
  Endpoint: u_compute_core/gen_rows[0].gen_cols[4].u_pe_mac/acc_out_reg[24]
            (rising edge-triggered flip-flop clocked by sysclk)
  Path Group: sysclk
  Path Type: max

  Point                                                   Incr       Path
  --------------------------------------------------------------------------
  clock sysclk (rise edge)                                0.00       0.00
  clock network delay (ideal)                             0.00       0.00
  u_compute_core/gen_rows[0].gen_cols[4].u_pe_mac/acc_out_reg[0]/CLK (DFFRNQ_X1)
                                                          0.00       0.00 r
  u_compute_core/gen_rows[0].gen_cols[4].u_pe_mac/acc_out_reg[0]/Q (DFFRNQ_X1)
                                                         12.64      12.64 r
  u_compute_core/gen_rows[0].gen_cols[4].u_pe_mac/add_26/A[0] (pe_mac_27_DW01_add_0_DW01_add_6)
                                                          0.00      12.64 r
  u_compute_core/gen_rows[0].gen_cols[4].u_pe_mac/add_26/U1/Z (AND2_X1)
                                                          5.19      17.83 r
  u_compute_core/gen_rows[0].gen_cols[4].u_pe_mac/add_26/U1_1/CO (FA_X1)
                                                          8.44      26.27 r
  u_compute_core/gen_rows[0].gen_cols[4].u_pe_mac/add_26/U1_2/CO (FA_X1)
                                                          8.72      34.99 r
  u_compute_core/gen_rows[0].gen_cols[4].u_pe_mac/add_26/U1_3/CO (FA_X1)
                                                          8.72      43.70 r
  u_compute_core/gen_rows[0].gen_cols[4].u_pe_mac/add_26/U1_4/CO (FA_X1)
                                                          8.72      52.42 r
  u_compute_core/gen_rows[0].gen_cols[4].u_pe_mac/add_26/U1_5/CO (FA_X1)
                                                          8.72      61.14 r
  u_compute_core/gen_rows[0].gen_cols[4].u_pe_mac/add_26/U1_6/CO (FA_X1)
                                                          8.72      69.86 r
  u_compute_core/gen_rows[0].gen_cols[4].u_pe_mac/add_26/U1_7/CO (FA_X1)
                                                          8.72      78.58 r
  u_compute_core/gen_rows[0].gen_cols[4].u_pe_mac/add_26/U1_8/CO (FA_X1)
                                                          8.72      87.29 r
  u_compute_core/gen_rows[0].gen_cols[4].u_pe_mac/add_26/U1_9/CO (FA_X1)
                                                          8.72      96.01 r
  u_compute_core/gen_rows[0].gen_cols[4].u_pe_mac/add_26/U1_10/CO (FA_X1)
                                                          8.72     104.73 r
  u_compute_core/gen_rows[0].gen_cols[4].u_pe_mac/add_26/U1_11/CO (FA_X1)
                                                          8.72     113.45 r
  u_compute_core/gen_rows[0].gen_cols[4].u_pe_mac/add_26/U1_12/CO (FA_X1)
                                                          8.72     122.16 r
  u_compute_core/gen_rows[0].gen_cols[4].u_pe_mac/add_26/U1_13/CO (FA_X1)
                                                          8.72     130.88 r
  u_compute_core/gen_rows[0].gen_cols[4].u_pe_mac/add_26/U1_14/CO (FA_X1)
                                                          8.72     139.60 r
  u_compute_core/gen_rows[0].gen_cols[4].u_pe_mac/add_26/U1_15/CO (FA_X1)
                                                          8.72     148.32 r
  u_compute_core/gen_rows[0].gen_cols[4].u_pe_mac/add_26/U1_16/CO (FA_X1)
                                                          8.72     157.04 r
  u_compute_core/gen_rows[0].gen_cols[4].u_pe_mac/add_26/U1_17/CO (FA_X1)
                                                          8.72     165.76 r
  u_compute_core/gen_rows[0].gen_cols[4].u_pe_mac/add_26/U1_18/CO (FA_X1)
                                                          8.72     174.48 r
  u_compute_core/gen_rows[0].gen_cols[4].u_pe_mac/add_26/U1_19/CO (FA_X1)
                                                          8.72     183.20 r
  u_compute_core/gen_rows[0].gen_cols[4].u_pe_mac/add_26/U1_20/CO (FA_X1)
                                                          8.72     191.92 r
  u_compute_core/gen_rows[0].gen_cols[4].u_pe_mac/add_26/U1_21/CO (FA_X1)
                                                          8.72     200.65 r
  u_compute_core/gen_rows[0].gen_cols[4].u_pe_mac/add_26/U1_22/CO (FA_X1)
                                                          8.72     209.37 r
  u_compute_core/gen_rows[0].gen_cols[4].u_pe_mac/add_26/U1_23/CO (FA_X1)
                                                          8.72     218.09 r
  u_compute_core/gen_rows[0].gen_cols[4].u_pe_mac/add_26/U1_24/S (FA_X1)
                                                         13.60     231.69 f
  u_compute_core/gen_rows[0].gen_cols[4].u_pe_mac/add_26/SUM[24] (pe_mac_27_DW01_add_0_DW01_add_6)
                                                          0.00     231.69 f
  u_compute_core/gen_rows[0].gen_cols[4].u_pe_mac/U23/Z (AND2_X1)
                                                          3.32     235.00 f
  u_compute_core/gen_rows[0].gen_cols[4].u_pe_mac/acc_out_reg[24]/D (DFFRNQ_X1)
                                                          0.00     235.00 f
  data arrival time                                                235.00

  clock sysclk (rise edge)                            10000.00   10000.00
  clock network delay (ideal)                             0.00   10000.00
  clock uncertainty                                    -100.00    9900.00
  u_compute_core/gen_rows[0].gen_cols[4].u_pe_mac/acc_out_reg[24]/CLK (DFFRNQ_X1)
                                                          0.00    9900.00 r
  library setup time                                     -6.92    9893.08
  data required time                                              9893.08
  --------------------------------------------------------------------------
  data required time                                              9893.08
  data arrival time                                               -235.00
  --------------------------------------------------------------------------
  slack (MET)                                                     9658.08


  Startpoint: u_compute_core/gen_rows[0].gen_cols[6].u_pe_mac/acc_out_reg[0]
              (rising edge-triggered flip-flop clocked by sysclk)
  Endpoint: u_compute_core/gen_rows[0].gen_cols[6].u_pe_mac/acc_out_reg[24]
            (rising edge-triggered flip-flop clocked by sysclk)
  Path Group: sysclk
  Path Type: max

  Point                                                   Incr       Path
  --------------------------------------------------------------------------
  clock sysclk (rise edge)                                0.00       0.00
  clock network delay (ideal)                             0.00       0.00
  u_compute_core/gen_rows[0].gen_cols[6].u_pe_mac/acc_out_reg[0]/CLK (DFFRNQ_X1)
                                                          0.00       0.00 r
  u_compute_core/gen_rows[0].gen_cols[6].u_pe_mac/acc_out_reg[0]/Q (DFFRNQ_X1)
                                                         12.64      12.64 r
  u_compute_core/gen_rows[0].gen_cols[6].u_pe_mac/add_26/A[0] (pe_mac_25_DW01_add_0_DW01_add_10)
                                                          0.00      12.64 r
  u_compute_core/gen_rows[0].gen_cols[6].u_pe_mac/add_26/U1/Z (AND2_X1)
                                                          5.19      17.83 r
  u_compute_core/gen_rows[0].gen_cols[6].u_pe_mac/add_26/U1_1/CO (FA_X1)
                                                          8.44      26.27 r
  u_compute_core/gen_rows[0].gen_cols[6].u_pe_mac/add_26/U1_2/CO (FA_X1)
                                                          8.72      34.99 r
  u_compute_core/gen_rows[0].gen_cols[6].u_pe_mac/add_26/U1_3/CO (FA_X1)
                                                          8.72      43.70 r
  u_compute_core/gen_rows[0].gen_cols[6].u_pe_mac/add_26/U1_4/CO (FA_X1)
                                                          8.72      52.42 r
  u_compute_core/gen_rows[0].gen_cols[6].u_pe_mac/add_26/U1_5/CO (FA_X1)
                                                          8.72      61.14 r
  u_compute_core/gen_rows[0].gen_cols[6].u_pe_mac/add_26/U1_6/CO (FA_X1)
                                                          8.72      69.86 r
  u_compute_core/gen_rows[0].gen_cols[6].u_pe_mac/add_26/U1_7/CO (FA_X1)
                                                          8.72      78.58 r
  u_compute_core/gen_rows[0].gen_cols[6].u_pe_mac/add_26/U1_8/CO (FA_X1)
                                                          8.72      87.29 r
  u_compute_core/gen_rows[0].gen_cols[6].u_pe_mac/add_26/U1_9/CO (FA_X1)
                                                          8.72      96.01 r
  u_compute_core/gen_rows[0].gen_cols[6].u_pe_mac/add_26/U1_10/CO (FA_X1)
                                                          8.72     104.73 r
  u_compute_core/gen_rows[0].gen_cols[6].u_pe_mac/add_26/U1_11/CO (FA_X1)
                                                          8.72     113.45 r
  u_compute_core/gen_rows[0].gen_cols[6].u_pe_mac/add_26/U1_12/CO (FA_X1)
                                                          8.72     122.16 r
  u_compute_core/gen_rows[0].gen_cols[6].u_pe_mac/add_26/U1_13/CO (FA_X1)
                                                          8.72     130.88 r
  u_compute_core/gen_rows[0].gen_cols[6].u_pe_mac/add_26/U1_14/CO (FA_X1)
                                                          8.72     139.60 r
  u_compute_core/gen_rows[0].gen_cols[6].u_pe_mac/add_26/U1_15/CO (FA_X1)
                                                          8.72     148.32 r
  u_compute_core/gen_rows[0].gen_cols[6].u_pe_mac/add_26/U1_16/CO (FA_X1)
                                                          8.72     157.04 r
  u_compute_core/gen_rows[0].gen_cols[6].u_pe_mac/add_26/U1_17/CO (FA_X1)
                                                          8.72     165.76 r
  u_compute_core/gen_rows[0].gen_cols[6].u_pe_mac/add_26/U1_18/CO (FA_X1)
                                                          8.72     174.48 r
  u_compute_core/gen_rows[0].gen_cols[6].u_pe_mac/add_26/U1_19/CO (FA_X1)
                                                          8.72     183.20 r
  u_compute_core/gen_rows[0].gen_cols[6].u_pe_mac/add_26/U1_20/CO (FA_X1)
                                                          8.72     191.92 r
  u_compute_core/gen_rows[0].gen_cols[6].u_pe_mac/add_26/U1_21/CO (FA_X1)
                                                          8.72     200.65 r
  u_compute_core/gen_rows[0].gen_cols[6].u_pe_mac/add_26/U1_22/CO (FA_X1)
                                                          8.72     209.37 r
  u_compute_core/gen_rows[0].gen_cols[6].u_pe_mac/add_26/U1_23/CO (FA_X1)
                                                          8.72     218.09 r
  u_compute_core/gen_rows[0].gen_cols[6].u_pe_mac/add_26/U1_24/S (FA_X1)
                                                         13.60     231.69 f
  u_compute_core/gen_rows[0].gen_cols[6].u_pe_mac/add_26/SUM[24] (pe_mac_25_DW01_add_0_DW01_add_10)
                                                          0.00     231.69 f
  u_compute_core/gen_rows[0].gen_cols[6].u_pe_mac/U23/Z (AND2_X1)
                                                          3.32     235.00 f
  u_compute_core/gen_rows[0].gen_cols[6].u_pe_mac/acc_out_reg[24]/D (DFFRNQ_X1)
                                                          0.00     235.00 f
  data arrival time                                                235.00

  clock sysclk (rise edge)                            10000.00   10000.00
  clock network delay (ideal)                             0.00   10000.00
  clock uncertainty                                    -100.00    9900.00
  u_compute_core/gen_rows[0].gen_cols[6].u_pe_mac/acc_out_reg[24]/CLK (DFFRNQ_X1)
                                                          0.00    9900.00 r
  library setup time                                     -6.92    9893.08
  data required time                                              9893.08
  --------------------------------------------------------------------------
  data required time                                              9893.08
  data arrival time                                               -235.00
  --------------------------------------------------------------------------
  slack (MET)                                                     9658.08


  Startpoint: u_compute_core/gen_rows[0].gen_cols[7].u_pe_mac/acc_out_reg[0]
              (rising edge-triggered flip-flop clocked by sysclk)
  Endpoint: u_compute_core/gen_rows[0].gen_cols[7].u_pe_mac/acc_out_reg[24]
            (rising edge-triggered flip-flop clocked by sysclk)
  Path Group: sysclk
  Path Type: max

  Point                                                   Incr       Path
  --------------------------------------------------------------------------
  clock sysclk (rise edge)                                0.00       0.00
  clock network delay (ideal)                             0.00       0.00
  u_compute_core/gen_rows[0].gen_cols[7].u_pe_mac/acc_out_reg[0]/CLK (DFFRNQ_X1)
                                                          0.00       0.00 r
  u_compute_core/gen_rows[0].gen_cols[7].u_pe_mac/acc_out_reg[0]/Q (DFFRNQ_X1)
                                                         12.64      12.64 r
  u_compute_core/gen_rows[0].gen_cols[7].u_pe_mac/add_26/A[0] (pe_mac_24_DW01_add_0_DW01_add_12)
                                                          0.00      12.64 r
  u_compute_core/gen_rows[0].gen_cols[7].u_pe_mac/add_26/U1/Z (AND2_X1)
                                                          5.19      17.83 r
  u_compute_core/gen_rows[0].gen_cols[7].u_pe_mac/add_26/U1_1/CO (FA_X1)
                                                          8.44      26.27 r
  u_compute_core/gen_rows[0].gen_cols[7].u_pe_mac/add_26/U1_2/CO (FA_X1)
                                                          8.72      34.99 r
  u_compute_core/gen_rows[0].gen_cols[7].u_pe_mac/add_26/U1_3/CO (FA_X1)
                                                          8.72      43.70 r
  u_compute_core/gen_rows[0].gen_cols[7].u_pe_mac/add_26/U1_4/CO (FA_X1)
                                                          8.72      52.42 r
  u_compute_core/gen_rows[0].gen_cols[7].u_pe_mac/add_26/U1_5/CO (FA_X1)
                                                          8.72      61.14 r
  u_compute_core/gen_rows[0].gen_cols[7].u_pe_mac/add_26/U1_6/CO (FA_X1)
                                                          8.72      69.86 r
  u_compute_core/gen_rows[0].gen_cols[7].u_pe_mac/add_26/U1_7/CO (FA_X1)
                                                          8.72      78.58 r
  u_compute_core/gen_rows[0].gen_cols[7].u_pe_mac/add_26/U1_8/CO (FA_X1)
                                                          8.72      87.29 r
  u_compute_core/gen_rows[0].gen_cols[7].u_pe_mac/add_26/U1_9/CO (FA_X1)
                                                          8.72      96.01 r
  u_compute_core/gen_rows[0].gen_cols[7].u_pe_mac/add_26/U1_10/CO (FA_X1)
                                                          8.72     104.73 r
  u_compute_core/gen_rows[0].gen_cols[7].u_pe_mac/add_26/U1_11/CO (FA_X1)
                                                          8.72     113.45 r
  u_compute_core/gen_rows[0].gen_cols[7].u_pe_mac/add_26/U1_12/CO (FA_X1)
                                                          8.72     122.16 r
  u_compute_core/gen_rows[0].gen_cols[7].u_pe_mac/add_26/U1_13/CO (FA_X1)
                                                          8.72     130.88 r
  u_compute_core/gen_rows[0].gen_cols[7].u_pe_mac/add_26/U1_14/CO (FA_X1)
                                                          8.72     139.60 r
  u_compute_core/gen_rows[0].gen_cols[7].u_pe_mac/add_26/U1_15/CO (FA_X1)
                                                          8.72     148.32 r
  u_compute_core/gen_rows[0].gen_cols[7].u_pe_mac/add_26/U1_16/CO (FA_X1)
                                                          8.72     157.04 r
  u_compute_core/gen_rows[0].gen_cols[7].u_pe_mac/add_26/U1_17/CO (FA_X1)
                                                          8.72     165.76 r
  u_compute_core/gen_rows[0].gen_cols[7].u_pe_mac/add_26/U1_18/CO (FA_X1)
                                                          8.72     174.48 r
  u_compute_core/gen_rows[0].gen_cols[7].u_pe_mac/add_26/U1_19/CO (FA_X1)
                                                          8.72     183.20 r
  u_compute_core/gen_rows[0].gen_cols[7].u_pe_mac/add_26/U1_20/CO (FA_X1)
                                                          8.72     191.92 r
  u_compute_core/gen_rows[0].gen_cols[7].u_pe_mac/add_26/U1_21/CO (FA_X1)
                                                          8.72     200.65 r
  u_compute_core/gen_rows[0].gen_cols[7].u_pe_mac/add_26/U1_22/CO (FA_X1)
                                                          8.72     209.37 r
  u_compute_core/gen_rows[0].gen_cols[7].u_pe_mac/add_26/U1_23/CO (FA_X1)
                                                          8.72     218.09 r
  u_compute_core/gen_rows[0].gen_cols[7].u_pe_mac/add_26/U1_24/S (FA_X1)
                                                         13.60     231.69 f
  u_compute_core/gen_rows[0].gen_cols[7].u_pe_mac/add_26/SUM[24] (pe_mac_24_DW01_add_0_DW01_add_12)
                                                          0.00     231.69 f
  u_compute_core/gen_rows[0].gen_cols[7].u_pe_mac/U23/Z (AND2_X1)
                                                          3.32     235.00 f
  u_compute_core/gen_rows[0].gen_cols[7].u_pe_mac/acc_out_reg[24]/D (DFFRNQ_X1)
                                                          0.00     235.00 f
  data arrival time                                                235.00

  clock sysclk (rise edge)                            10000.00   10000.00
  clock network delay (ideal)                             0.00   10000.00
  clock uncertainty                                    -100.00    9900.00
  u_compute_core/gen_rows[0].gen_cols[7].u_pe_mac/acc_out_reg[24]/CLK (DFFRNQ_X1)
                                                          0.00    9900.00 r
  library setup time                                     -6.92    9893.08
  data required time                                              9893.08
  --------------------------------------------------------------------------
  data required time                                              9893.08
  data arrival time                                               -235.00
  --------------------------------------------------------------------------
  slack (MET)                                                     9658.08


  Startpoint: u_compute_core/gen_rows[0].gen_cols[8].u_pe_mac/acc_out_reg[0]
              (rising edge-triggered flip-flop clocked by sysclk)
  Endpoint: u_compute_core/gen_rows[0].gen_cols[8].u_pe_mac/acc_out_reg[24]
            (rising edge-triggered flip-flop clocked by sysclk)
  Path Group: sysclk
  Path Type: max

  Point                                                   Incr       Path
  --------------------------------------------------------------------------
  clock sysclk (rise edge)                                0.00       0.00
  clock network delay (ideal)                             0.00       0.00
  u_compute_core/gen_rows[0].gen_cols[8].u_pe_mac/acc_out_reg[0]/CLK (DFFRNQ_X1)
                                                          0.00       0.00 r
  u_compute_core/gen_rows[0].gen_cols[8].u_pe_mac/acc_out_reg[0]/Q (DFFRNQ_X1)
                                                         12.64      12.64 r
  u_compute_core/gen_rows[0].gen_cols[8].u_pe_mac/add_26/A[0] (pe_mac_23_DW01_add_0_DW01_add_14)
                                                          0.00      12.64 r
  u_compute_core/gen_rows[0].gen_cols[8].u_pe_mac/add_26/U1/Z (AND2_X1)
                                                          5.19      17.83 r
  u_compute_core/gen_rows[0].gen_cols[8].u_pe_mac/add_26/U1_1/CO (FA_X1)
                                                          8.44      26.27 r
  u_compute_core/gen_rows[0].gen_cols[8].u_pe_mac/add_26/U1_2/CO (FA_X1)
                                                          8.72      34.99 r
  u_compute_core/gen_rows[0].gen_cols[8].u_pe_mac/add_26/U1_3/CO (FA_X1)
                                                          8.72      43.70 r
  u_compute_core/gen_rows[0].gen_cols[8].u_pe_mac/add_26/U1_4/CO (FA_X1)
                                                          8.72      52.42 r
  u_compute_core/gen_rows[0].gen_cols[8].u_pe_mac/add_26/U1_5/CO (FA_X1)
                                                          8.72      61.14 r
  u_compute_core/gen_rows[0].gen_cols[8].u_pe_mac/add_26/U1_6/CO (FA_X1)
                                                          8.72      69.86 r
  u_compute_core/gen_rows[0].gen_cols[8].u_pe_mac/add_26/U1_7/CO (FA_X1)
                                                          8.72      78.58 r
  u_compute_core/gen_rows[0].gen_cols[8].u_pe_mac/add_26/U1_8/CO (FA_X1)
                                                          8.72      87.29 r
  u_compute_core/gen_rows[0].gen_cols[8].u_pe_mac/add_26/U1_9/CO (FA_X1)
                                                          8.72      96.01 r
  u_compute_core/gen_rows[0].gen_cols[8].u_pe_mac/add_26/U1_10/CO (FA_X1)
                                                          8.72     104.73 r
  u_compute_core/gen_rows[0].gen_cols[8].u_pe_mac/add_26/U1_11/CO (FA_X1)
                                                          8.72     113.45 r
  u_compute_core/gen_rows[0].gen_cols[8].u_pe_mac/add_26/U1_12/CO (FA_X1)
                                                          8.72     122.16 r
  u_compute_core/gen_rows[0].gen_cols[8].u_pe_mac/add_26/U1_13/CO (FA_X1)
                                                          8.72     130.88 r
  u_compute_core/gen_rows[0].gen_cols[8].u_pe_mac/add_26/U1_14/CO (FA_X1)
                                                          8.72     139.60 r
  u_compute_core/gen_rows[0].gen_cols[8].u_pe_mac/add_26/U1_15/CO (FA_X1)
                                                          8.72     148.32 r
  u_compute_core/gen_rows[0].gen_cols[8].u_pe_mac/add_26/U1_16/CO (FA_X1)
                                                          8.72     157.04 r
  u_compute_core/gen_rows[0].gen_cols[8].u_pe_mac/add_26/U1_17/CO (FA_X1)
                                                          8.72     165.76 r
  u_compute_core/gen_rows[0].gen_cols[8].u_pe_mac/add_26/U1_18/CO (FA_X1)
                                                          8.72     174.48 r
  u_compute_core/gen_rows[0].gen_cols[8].u_pe_mac/add_26/U1_19/CO (FA_X1)
                                                          8.72     183.20 r
  u_compute_core/gen_rows[0].gen_cols[8].u_pe_mac/add_26/U1_20/CO (FA_X1)
                                                          8.72     191.92 r
  u_compute_core/gen_rows[0].gen_cols[8].u_pe_mac/add_26/U1_21/CO (FA_X1)
                                                          8.72     200.65 r
  u_compute_core/gen_rows[0].gen_cols[8].u_pe_mac/add_26/U1_22/CO (FA_X1)
                                                          8.72     209.37 r
  u_compute_core/gen_rows[0].gen_cols[8].u_pe_mac/add_26/U1_23/CO (FA_X1)
                                                          8.72     218.09 r
  u_compute_core/gen_rows[0].gen_cols[8].u_pe_mac/add_26/U1_24/S (FA_X1)
                                                         13.60     231.69 f
  u_compute_core/gen_rows[0].gen_cols[8].u_pe_mac/add_26/SUM[24] (pe_mac_23_DW01_add_0_DW01_add_14)
                                                          0.00     231.69 f
  u_compute_core/gen_rows[0].gen_cols[8].u_pe_mac/U23/Z (AND2_X1)
                                                          3.32     235.00 f
  u_compute_core/gen_rows[0].gen_cols[8].u_pe_mac/acc_out_reg[24]/D (DFFRNQ_X1)
                                                          0.00     235.00 f
  data arrival time                                                235.00

  clock sysclk (rise edge)                            10000.00   10000.00
  clock network delay (ideal)                             0.00   10000.00
  clock uncertainty                                    -100.00    9900.00
  u_compute_core/gen_rows[0].gen_cols[8].u_pe_mac/acc_out_reg[24]/CLK (DFFRNQ_X1)
                                                          0.00    9900.00 r
  library setup time                                     -6.92    9893.08
  data required time                                              9893.08
  --------------------------------------------------------------------------
  data required time                                              9893.08
  data arrival time                                               -235.00
  --------------------------------------------------------------------------
  slack (MET)                                                     9658.08


  Startpoint: u_compute_core/gen_rows[0].gen_cols[9].u_pe_mac/acc_out_reg[0]
              (rising edge-triggered flip-flop clocked by sysclk)
  Endpoint: u_compute_core/gen_rows[0].gen_cols[9].u_pe_mac/acc_out_reg[24]
            (rising edge-triggered flip-flop clocked by sysclk)
  Path Group: sysclk
  Path Type: max

  Point                                                   Incr       Path
  --------------------------------------------------------------------------
  clock sysclk (rise edge)                                0.00       0.00
  clock network delay (ideal)                             0.00       0.00
  u_compute_core/gen_rows[0].gen_cols[9].u_pe_mac/acc_out_reg[0]/CLK (DFFRNQ_X1)
                                                          0.00       0.00 r
  u_compute_core/gen_rows[0].gen_cols[9].u_pe_mac/acc_out_reg[0]/Q (DFFRNQ_X1)
                                                         12.64      12.64 r
  u_compute_core/gen_rows[0].gen_cols[9].u_pe_mac/add_26/A[0] (pe_mac_22_DW01_add_0_DW01_add_16)
                                                          0.00      12.64 r
  u_compute_core/gen_rows[0].gen_cols[9].u_pe_mac/add_26/U1/Z (AND2_X1)
                                                          5.19      17.83 r
  u_compute_core/gen_rows[0].gen_cols[9].u_pe_mac/add_26/U1_1/CO (FA_X1)
                                                          8.44      26.27 r
  u_compute_core/gen_rows[0].gen_cols[9].u_pe_mac/add_26/U1_2/CO (FA_X1)
                                                          8.72      34.99 r
  u_compute_core/gen_rows[0].gen_cols[9].u_pe_mac/add_26/U1_3/CO (FA_X1)
                                                          8.72      43.70 r
  u_compute_core/gen_rows[0].gen_cols[9].u_pe_mac/add_26/U1_4/CO (FA_X1)
                                                          8.72      52.42 r
  u_compute_core/gen_rows[0].gen_cols[9].u_pe_mac/add_26/U1_5/CO (FA_X1)
                                                          8.72      61.14 r
  u_compute_core/gen_rows[0].gen_cols[9].u_pe_mac/add_26/U1_6/CO (FA_X1)
                                                          8.72      69.86 r
  u_compute_core/gen_rows[0].gen_cols[9].u_pe_mac/add_26/U1_7/CO (FA_X1)
                                                          8.72      78.58 r
  u_compute_core/gen_rows[0].gen_cols[9].u_pe_mac/add_26/U1_8/CO (FA_X1)
                                                          8.72      87.29 r
  u_compute_core/gen_rows[0].gen_cols[9].u_pe_mac/add_26/U1_9/CO (FA_X1)
                                                          8.72      96.01 r
  u_compute_core/gen_rows[0].gen_cols[9].u_pe_mac/add_26/U1_10/CO (FA_X1)
                                                          8.72     104.73 r
  u_compute_core/gen_rows[0].gen_cols[9].u_pe_mac/add_26/U1_11/CO (FA_X1)
                                                          8.72     113.45 r
  u_compute_core/gen_rows[0].gen_cols[9].u_pe_mac/add_26/U1_12/CO (FA_X1)
                                                          8.72     122.16 r
  u_compute_core/gen_rows[0].gen_cols[9].u_pe_mac/add_26/U1_13/CO (FA_X1)
                                                          8.72     130.88 r
  u_compute_core/gen_rows[0].gen_cols[9].u_pe_mac/add_26/U1_14/CO (FA_X1)
                                                          8.72     139.60 r
  u_compute_core/gen_rows[0].gen_cols[9].u_pe_mac/add_26/U1_15/CO (FA_X1)
                                                          8.72     148.32 r
  u_compute_core/gen_rows[0].gen_cols[9].u_pe_mac/add_26/U1_16/CO (FA_X1)
                                                          8.72     157.04 r
  u_compute_core/gen_rows[0].gen_cols[9].u_pe_mac/add_26/U1_17/CO (FA_X1)
                                                          8.72     165.76 r
  u_compute_core/gen_rows[0].gen_cols[9].u_pe_mac/add_26/U1_18/CO (FA_X1)
                                                          8.72     174.48 r
  u_compute_core/gen_rows[0].gen_cols[9].u_pe_mac/add_26/U1_19/CO (FA_X1)
                                                          8.72     183.20 r
  u_compute_core/gen_rows[0].gen_cols[9].u_pe_mac/add_26/U1_20/CO (FA_X1)
                                                          8.72     191.92 r
  u_compute_core/gen_rows[0].gen_cols[9].u_pe_mac/add_26/U1_21/CO (FA_X1)
                                                          8.72     200.65 r
  u_compute_core/gen_rows[0].gen_cols[9].u_pe_mac/add_26/U1_22/CO (FA_X1)
                                                          8.72     209.37 r
  u_compute_core/gen_rows[0].gen_cols[9].u_pe_mac/add_26/U1_23/CO (FA_X1)
                                                          8.72     218.09 r
  u_compute_core/gen_rows[0].gen_cols[9].u_pe_mac/add_26/U1_24/S (FA_X1)
                                                         13.60     231.69 f
  u_compute_core/gen_rows[0].gen_cols[9].u_pe_mac/add_26/SUM[24] (pe_mac_22_DW01_add_0_DW01_add_16)
                                                          0.00     231.69 f
  u_compute_core/gen_rows[0].gen_cols[9].u_pe_mac/U23/Z (AND2_X1)
                                                          3.32     235.00 f
  u_compute_core/gen_rows[0].gen_cols[9].u_pe_mac/acc_out_reg[24]/D (DFFRNQ_X1)
                                                          0.00     235.00 f
  data arrival time                                                235.00

  clock sysclk (rise edge)                            10000.00   10000.00
  clock network delay (ideal)                             0.00   10000.00
  clock uncertainty                                    -100.00    9900.00
  u_compute_core/gen_rows[0].gen_cols[9].u_pe_mac/acc_out_reg[24]/CLK (DFFRNQ_X1)
                                                          0.00    9900.00 r
  library setup time                                     -6.92    9893.08
  data required time                                              9893.08
  --------------------------------------------------------------------------
  data required time                                              9893.08
  data arrival time                                               -235.00
  --------------------------------------------------------------------------
  slack (MET)                                                     9658.08


  Startpoint: u_compute_core/gen_rows[0].gen_cols[10].u_pe_mac/acc_out_reg[0]
              (rising edge-triggered flip-flop clocked by sysclk)
  Endpoint: u_compute_core/gen_rows[0].gen_cols[10].u_pe_mac/acc_out_reg[24]
            (rising edge-triggered flip-flop clocked by sysclk)
  Path Group: sysclk
  Path Type: max

  Point                                                   Incr       Path
  --------------------------------------------------------------------------
  clock sysclk (rise edge)                                0.00       0.00
  clock network delay (ideal)                             0.00       0.00
  u_compute_core/gen_rows[0].gen_cols[10].u_pe_mac/acc_out_reg[0]/CLK (DFFRNQ_X1)
                                                          0.00       0.00 r
  u_compute_core/gen_rows[0].gen_cols[10].u_pe_mac/acc_out_reg[0]/Q (DFFRNQ_X1)
                                                         12.64      12.64 r
  u_compute_core/gen_rows[0].gen_cols[10].u_pe_mac/add_26/A[0] (pe_mac_21_DW01_add_0_DW01_add_18)
                                                          0.00      12.64 r
  u_compute_core/gen_rows[0].gen_cols[10].u_pe_mac/add_26/U1/Z (AND2_X1)
                                                          5.19      17.83 r
  u_compute_core/gen_rows[0].gen_cols[10].u_pe_mac/add_26/U1_1/CO (FA_X1)
                                                          8.44      26.27 r
  u_compute_core/gen_rows[0].gen_cols[10].u_pe_mac/add_26/U1_2/CO (FA_X1)
                                                          8.72      34.99 r
  u_compute_core/gen_rows[0].gen_cols[10].u_pe_mac/add_26/U1_3/CO (FA_X1)
                                                          8.72      43.70 r
  u_compute_core/gen_rows[0].gen_cols[10].u_pe_mac/add_26/U1_4/CO (FA_X1)
                                                          8.72      52.42 r
  u_compute_core/gen_rows[0].gen_cols[10].u_pe_mac/add_26/U1_5/CO (FA_X1)
                                                          8.72      61.14 r
  u_compute_core/gen_rows[0].gen_cols[10].u_pe_mac/add_26/U1_6/CO (FA_X1)
                                                          8.72      69.86 r
  u_compute_core/gen_rows[0].gen_cols[10].u_pe_mac/add_26/U1_7/CO (FA_X1)
                                                          8.72      78.58 r
  u_compute_core/gen_rows[0].gen_cols[10].u_pe_mac/add_26/U1_8/CO (FA_X1)
                                                          8.72      87.29 r
  u_compute_core/gen_rows[0].gen_cols[10].u_pe_mac/add_26/U1_9/CO (FA_X1)
                                                          8.72      96.01 r
  u_compute_core/gen_rows[0].gen_cols[10].u_pe_mac/add_26/U1_10/CO (FA_X1)
                                                          8.72     104.73 r
  u_compute_core/gen_rows[0].gen_cols[10].u_pe_mac/add_26/U1_11/CO (FA_X1)
                                                          8.72     113.45 r
  u_compute_core/gen_rows[0].gen_cols[10].u_pe_mac/add_26/U1_12/CO (FA_X1)
                                                          8.72     122.16 r
  u_compute_core/gen_rows[0].gen_cols[10].u_pe_mac/add_26/U1_13/CO (FA_X1)
                                                          8.72     130.88 r
  u_compute_core/gen_rows[0].gen_cols[10].u_pe_mac/add_26/U1_14/CO (FA_X1)
                                                          8.72     139.60 r
  u_compute_core/gen_rows[0].gen_cols[10].u_pe_mac/add_26/U1_15/CO (FA_X1)
                                                          8.72     148.32 r
  u_compute_core/gen_rows[0].gen_cols[10].u_pe_mac/add_26/U1_16/CO (FA_X1)
                                                          8.72     157.04 r
  u_compute_core/gen_rows[0].gen_cols[10].u_pe_mac/add_26/U1_17/CO (FA_X1)
                                                          8.72     165.76 r
  u_compute_core/gen_rows[0].gen_cols[10].u_pe_mac/add_26/U1_18/CO (FA_X1)
                                                          8.72     174.48 r
  u_compute_core/gen_rows[0].gen_cols[10].u_pe_mac/add_26/U1_19/CO (FA_X1)
                                                          8.72     183.20 r
  u_compute_core/gen_rows[0].gen_cols[10].u_pe_mac/add_26/U1_20/CO (FA_X1)
                                                          8.72     191.92 r
  u_compute_core/gen_rows[0].gen_cols[10].u_pe_mac/add_26/U1_21/CO (FA_X1)
                                                          8.72     200.65 r
  u_compute_core/gen_rows[0].gen_cols[10].u_pe_mac/add_26/U1_22/CO (FA_X1)
                                                          8.72     209.37 r
  u_compute_core/gen_rows[0].gen_cols[10].u_pe_mac/add_26/U1_23/CO (FA_X1)
                                                          8.72     218.09 r
  u_compute_core/gen_rows[0].gen_cols[10].u_pe_mac/add_26/U1_24/S (FA_X1)
                                                         13.60     231.69 f
  u_compute_core/gen_rows[0].gen_cols[10].u_pe_mac/add_26/SUM[24] (pe_mac_21_DW01_add_0_DW01_add_18)
                                                          0.00     231.69 f
  u_compute_core/gen_rows[0].gen_cols[10].u_pe_mac/U23/Z (AND2_X1)
                                                          3.32     235.00 f
  u_compute_core/gen_rows[0].gen_cols[10].u_pe_mac/acc_out_reg[24]/D (DFFRNQ_X1)
                                                          0.00     235.00 f
  data arrival time                                                235.00

  clock sysclk (rise edge)                            10000.00   10000.00
  clock network delay (ideal)                             0.00   10000.00
  clock uncertainty                                    -100.00    9900.00
  u_compute_core/gen_rows[0].gen_cols[10].u_pe_mac/acc_out_reg[24]/CLK (DFFRNQ_X1)
                                                          0.00    9900.00 r
  library setup time                                     -6.92    9893.08
  data required time                                              9893.08
  --------------------------------------------------------------------------
  data required time                                              9893.08
  data arrival time                                               -235.00
  --------------------------------------------------------------------------
  slack (MET)                                                     9658.08


1
