 
****************************************
Report : area
Design : accelerator_logic_top
Version: R-2020.09-SP4
Date   : Fri Jun 26 16:14:22 2026
****************************************

Library(s) Used:

    NanGate_15nm_OCL (File: /home/almalinux/Verilog/main/pdk/NanGate_15nm/front_end/timing_power_noise/CCS/NanGate_15nm_OCL_slow_conditional_ccs.db)

Number of ports:                        16264
Number of nets:                         39703
Number of cells:                        21712
Number of combinational cells:          19599
Number of sequential cells:              1600
Number of macros/black boxes:               0
Number of buf/inv:                       5007
Number of references:                       1

Combinational area:               8695.333113
Buf/Inv area:                      815.284241
Noncombinational area:            2044.723129
Macro/Black Box area:                0.000000
Net Interconnect area:      undefined  (No wire load specified)

Total cell area:                 10740.056242
Total area:                 undefined
1
