Loading db file '/home/almalinux/Verilog/main/pdk/NanGate_15nm/front_end/timing_power_noise/CCS/NanGate_15nm_OCL_slow_conditional_ccs.db'
Information: Updating design information... (UID-85)
Warning: Design 'accelerator_logic_top' contains 1 high-fanout nets. A fanout number of 1000 will be used for delay calculations involving these nets. (TIM-134)
Information: Propagating switching activity (low effort zero delay simulation). (PWR-6)
Warning: Design has unannotated primary inputs. (PWR-414)
Warning: Design has unannotated sequential cell outputs. (PWR-415)
 
****************************************
Report : power
        -analysis_effort low
Design : accelerator_logic_top
Version: R-2020.09-SP4
Date   : Fri Jun 26 16:14:22 2026
****************************************


Library(s) Used:

    NanGate_15nm_OCL (File: /home/almalinux/Verilog/main/pdk/NanGate_15nm/front_end/timing_power_noise/CCS/NanGate_15nm_OCL_slow_conditional_ccs.db)


Operating Conditions: slow   Library: NanGate_15nm_OCL
Wire Load Model Mode: top


Global Operating Voltage = 0.72 
Power-specific unit information :
    Voltage Units = 1V
    Capacitance Units = 1.000000ff
    Time Units = 1ps
    Dynamic Power Units = 1mW    (derived from V,C,T units)
    Leakage Power Units = 1pW


  Cell Internal Power  =   2.4768 mW   (71%)
  Net Switching Power  =   1.0316 mW   (29%)
                         ---------
Total Dynamic Power    =   3.5084 mW  (100%)

Cell Leakage Power     =  12.7076 mW


                 Internal         Switching           Leakage            Total
Power Group      Power            Power               Power              Power   (   %    )  Attrs
--------------------------------------------------------------------------------------------------
io_pad             0.0000            0.0000            0.0000            0.0000  (   0.00%)
memory             0.0000            0.0000            0.0000            0.0000  (   0.00%)
black_box          0.0000            0.0000            0.0000            0.0000  (   0.00%)
clock_network      0.0000            0.0000            0.0000            0.0000  (   0.00%)
register           1.3594        3.3389e-02        2.3822e+09            3.7750  (  23.28%)
sequential         0.0000            0.0000            0.0000            0.0000  (   0.00%)
combinational      1.1174            0.9982        1.0325e+10           12.4410  (  76.72%)
--------------------------------------------------------------------------------------------------
Total              2.4768 mW         1.0316 mW     1.2708e+10 pW        16.2160 mW
1
