 
****************************************
Report : area
Design : accelerator_logic_top
Version: R-2020.09-SP4
Date   : Fri Jun 26 15:32:18 2026
****************************************

Library(s) Used:

    NanGate_15nm_OCL (File: /home/almalinux/Verilog/main/pdk/NanGate_15nm/front_end/timing_power_noise/CCS/NanGate_15nm_OCL_slow_conditional_ccs.db)

Number of ports:                        16200
Number of nets:                         39575
Number of cells:                        21648
Number of combinational cells:          19535
Number of sequential cells:              1600
Number of macros/black boxes:               0
Number of buf/inv:                       4943
Number of references:                       1

Combinational area:               8679.604474
Buf/Inv area:                      799.555602
Noncombinational area:            2044.723129
Macro/Black Box area:                0.000000
Net Interconnect area:      undefined  (No wire load specified)

Total cell area:                 10724.327603
Total area:                 undefined
1
