 
****************************************
Report : area
Design : accelerator_logic_top
Version: R-2020.09-SP4
Date   : Wed Jun 24 15:28:12 2026
****************************************

Library(s) Used:

    NanGate_15nm_OCL (File: /home/almalinux/Verilog/main/pdk/NanGate_15nm/front_end/timing_power_noise/CCS/NanGate_15nm_OCL_slow_conditional_ccs.db)

Number of ports:                        56552
Number of nets:                        133083
Number of cells:                        71572
Number of combinational cells:          63891
Number of sequential cells:              6144
Number of macros/black boxes:               0
Number of buf/inv:                      17427
Number of references:                       1

Combinational area:              28524.921640
Buf/Inv area:                     2836.906044
Noncombinational area:            7851.736816
Macro/Black Box area:                0.000000
Net Interconnect area:      undefined  (No wire load specified)

Total cell area:                 36376.658457
Total area:                 undefined
1
