Loading db file '/home/almalinux/Verilog/main/pdk/NanGate_15nm/front_end/timing_power_noise/CCS/NanGate_15nm_OCL_slow_conditional_ccs.db'
Information: Updating design information... (UID-85)
Warning: Design 'accelerator_logic_top' contains 1 high-fanout nets. A fanout number of 1000 will be used for delay calculations involving these nets. (TIM-134)
Information: Propagating switching activity (low effort zero delay simulation). (PWR-6)
Warning: Design has unannotated primary inputs. (PWR-414)
Warning: Design has unannotated sequential cell outputs. (PWR-415)
 
****************************************
Report : power
        -analysis_effort low
Design : accelerator_logic_top
Version: R-2020.09-SP4
Date   : Wed Jun 24 15:28:11 2026
****************************************


Library(s) Used:

    NanGate_15nm_OCL (File: /home/almalinux/Verilog/main/pdk/NanGate_15nm/front_end/timing_power_noise/CCS/NanGate_15nm_OCL_slow_conditional_ccs.db)


Operating Conditions: slow   Library: NanGate_15nm_OCL
Wire Load Model Mode: top


Global Operating Voltage = 0.72 
Power-specific unit information :
    Voltage Units = 1V
    Capacitance Units = 1.000000ff
    Time Units = 1ps
    Dynamic Power Units = 1mW    (derived from V,C,T units)
    Leakage Power Units = 1pW


  Cell Internal Power  =   8.6788 mW   (72%)
  Net Switching Power  =   3.3073 mW   (28%)
                         ---------
Total Dynamic Power    =  11.9860 mW  (100%)

Cell Leakage Power     =  42.8377 mW


                 Internal         Switching           Leakage            Total
Power Group      Power            Power               Power              Power   (   %    )  Attrs
--------------------------------------------------------------------------------------------------
io_pad             0.0000            0.0000            0.0000            0.0000  (   0.00%)
memory             0.0000            0.0000            0.0000            0.0000  (   0.00%)
black_box          0.0000            0.0000            0.0000            0.0000  (   0.00%)
clock_network      0.0000            0.0000            0.0000            0.0000  (   0.00%)
register           5.1741            0.1130        9.1371e+09           14.4242  (  26.31%)
sequential         0.0000            0.0000            0.0000            0.0000  (   0.00%)
combinational      3.5047            3.1943        3.3701e+10           40.3994  (  73.69%)
--------------------------------------------------------------------------------------------------
Total              8.6787 mW         3.3073 mW     4.2838e+10 pW        54.8236 mW
1
