 
****************************************
Report : area
Design : accelerator_logic_top
Version: R-2020.09-SP4
Date   : Fri Jun 26 15:47:16 2026
****************************************

Library(s) Used:

    NanGate_15nm_OCL (File: /home/almalinux/Verilog/main/pdk/NanGate_15nm/front_end/timing_power_noise/CCS/NanGate_15nm_OCL_slow_conditional_ccs.db)

Number of ports:                         8168
Number of nets:                         19856
Number of cells:                        10825
Number of combinational cells:           9768
Number of sequential cells:               800
Number of macros/black boxes:               0
Number of buf/inv:                       2472
Number of references:                       1

Combinational area:               4339.925117
Buf/Inv area:                      399.900681
Noncombinational area:            1022.361565
Macro/Black Box area:                0.000000
Net Interconnect area:      undefined  (No wire load specified)

Total cell area:                  5362.286681
Total area:                 undefined
1
